[esper:#reddit-tennis] -!- botbot_the [~cloudbot@c-73-172-21-241.hsd1.md.comcast.net] has joined
[esper:#reddit-tennis] <Cosmicjoker> .falafel thebogbog 
[esper:#reddit-tennis] <hoglahoo> .vegantaco Cosmicjoker
[esper:#reddit-tennis] <Cosmicjoker> i am stuffed from bland pad thai
[esper:#reddit-tennis] <Cosmicjoker> the dude was more colourful than his dish
[esper:#reddit-tennis] <merokoyui> lol
[esper:#reddit-tennis] <blekginger> lol
[esper:#reddit-tennis] <hoglahoo> lol
[esper:#reddit-tennis] <Frosty> Why'd you keep eating it, then, Cosmic?
[esper:#reddit-tennis] <snee> .tennis atp
[esper:#reddit-tennis] <ServeBot> (snee) ATP Budapest: Gazprom Hungarian Open (Budapest, Hungary): | (Q)Lorenzo Sonego vs. (5)03Aljaz Bedene: 1-1 | John Millman vs. (LL)Yannick Maden | (LL)Marco Cecchinato d. (7)Jan-Lennard Struff: 5-7, 6-4, 6-2 | (8)Andreas Seppi d. Nikoloz Basilashvili: 6-4, 7-6 
[esper:#reddit-tennis] <ServeBot> ATP Barcelona: Barcelona Open BancSabadell (Barcelona, Spain): | (5)03Pablo Carreno vs. (2)Grigor Dimitrov: 6-3, 3-3 | (1)Rafael Nadal vs. (Q)Martin Klizan | (4)David Goffin vs. (8)Roberto Bautista | Stefanos Tsitsipas d. (3)Dominic Thiem: 6-3, 6-2 
[esper:#reddit-tennis] <Cosmicjoker> hunger and pride gave me no choice
[esper:#reddit-tennis] <snee> anyone used the new reddit?
[esper:#reddit-tennis] <snee> how do you collapse the comments?
[esper:#reddit-tennis] <hoglahoo> alt-f4
[esper:#reddit-tennis] <snee> im going to get a botnet together and ddos everything about you hoglahoo 
[esper:#reddit-tennis] <hoglahoo> :)
[esper:#reddit-tennis] <merokoyui> .babbies
[esper:#reddit-tennis] <botlahoo> https://imgur.com/a/wj5sK
[esper:#reddit-tennis] <ServeBot> Title: #reddit-tennis - Album on Imgur
[esper:#reddit-tennis] <thebogbog> .sundae Cosmicjoker 
[esper:#reddit-tennis] <thebogbog> horrid
[esper:#reddit-tennis] <mcbot> is that even do?
[esper:#reddit-tennis] <hoglahoo> lets hope not
[esper:#reddit-tennis] <thebogbog> aw yay mcbot is mcback
[esper:#reddit-tennis] <thebogbog> !quote botbot_the
[esper:#reddit-tennis] <thebogbog> !quote botbot_the
[esper:#reddit-tennis] <thebogbog> that's okay
[esper:#reddit-tennis] <thebogbog> !quote hoglahoo 
[esper:#reddit-tennis] <mcbot> oh yeah - he just announced it a rule that says ballboys can’t coach
[esper:#reddit-tennis] <snee> lmao thiem got rekt
[esper:#reddit-tennis] <botlahoo> ☐ Not REKT ☑ The REKTfather
[esper:#reddit-tennis] <snee> man everyone is shit at tennis wtf
[esper:#reddit-tennis] <thebogbog> can rafael nadal
[esper:#reddit-tennis] <thebogbog> defeat the great martin klizan
[esper:#reddit-tennis] <thebogbog> predict nadal vs klizan
[esper:#reddit-tennis] <thebogbog> .predict nadal vs klizan
[esper:#reddit-tennis] <blekginger> .tennis dimi
[esper:#reddit-tennis] <ServeBot> (blekginger) ATP Barcelona: Barcelona Open BancSabadell (Barcelona, Spain): | Quarter-Final: (5)Pablo Carreno vs. (2)03Grigor Dimitrov: 6-3, 5-4
[esper:#reddit-tennis] <blekginger> can some1 ping me when nad... sorry, klizan, starts
[esper:#reddit-tennis] <stevejhgla> Ok blekginger
[esper:#reddit-tennis] <blekginger> ty
[esper:#reddit-tennis] <blekginger> i really hope grigor wins 2nd set
[esper:#reddit-tennis] <blekginger> so i can get more studying done
[esper:#reddit-tennis] <Vaanir> arrived at airport  https://usercontent.irccloud-cdn.com/file/Djtxkjix/20180427_143212.jpg
[esper:#reddit-tennis] <jibbles27> looks like crisp
[esper:#reddit-tennis] <jibbles27> heiniken
[esper:#reddit-tennis] <blekginger> where u going v to the double a to the nir
[esper:#reddit-tennis] <stevejhgla> He’s going to mentor a
[esper:#reddit-tennis] <stevejhgla> Menorca
[esper:#reddit-tennis] <Cosmicjoker> .wea menorca
[esper:#reddit-tennis] <ServeBot> (Cosmicjoker) Alaior, Spain - Current: Clear, 72.5F/22.5C, 55%, Wind: 3.7MPH/6.0KPH WSW, Today: Clear, High: 73F/23C, Low: 55F/13C. Tomorrow: Clear, High: 71F/22C, Low: 58F/14C - https://is.gd/hbW0KV
[esper:#reddit-tennis] <stevejhgla> Not really
[esper:#reddit-tennis] <hoglahoo> .gis menorca
[esper:#reddit-tennis] <ServeBot> (hoglahoo) https://s.iha.com/00112532316/Ciutadella-de-menorca-Cliff-of-ciutadella.jpeg
[esper:#reddit-tennis] <stevejhgla> That’s my boat in the background
[esper:#reddit-tennis] <blekginger> what's a menorca and why is he going to mentor them
[esper:#reddit-tennis] <hoglahoo> .gfy what's a menorca and why is he going to mentor them
[esper:#reddit-tennis] <ServeBot> (hoglahoo) https://is.gd/R6W2aw
[esper:#reddit-tennis] <Vaanir> .wea Malaga
[esper:#reddit-tennis] <ServeBot> (Vaanir) Malaga, Spain - Current: Partly Cloudy, 75.7F/24.3C, 54%, Wind: 6.7MPH/10.8KPH NE, Today: Partly Cloudy, High: 80F/27C, Low: 57F/14C. Tomorrow: Clear, High: 74F/23C, Low: 51F/11C - https://is.gd/6hYOQe
[esper:#reddit-tennis] <blekginger> ooo malaga?
[esper:#reddit-tennis] <blekginger> i was near malaga two years ago
[esper:#reddit-tennis] <blekginger> nerja
[esper:#reddit-tennis] <Vaanir> Ya
[esper:#reddit-tennis] <blekginger> nerja was great
[esper:#reddit-tennis] <blekginger> enjoy
[esper:#reddit-tennis] <Cosmicjoker> .wea bristol
[esper:#reddit-tennis] <ServeBot> (Cosmicjoker) Bristol, United Kingdom - Current: Rain, 48.4F/9.1C, 94%, Wind: 0.9MPH/1.4KPH NNE, Today: Rain, High: 50F/10C, Low: 44F/7C. Tomorrow: Chance of Rain, High: 50F/10C, Low: 41F/5C - https://is.gd/m7AdDW
[esper:#reddit-tennis] <blekginger> .wea
[esper:#reddit-tennis] <ServeBot> (blekginger) Eskilstuna, Sweden - Current: Partly Cloudy, 50.9F/10.5C, 56%, Wind: 8.7MPH/14.0KPH WSW, Today: Partly Cloudy, High: F/C, Low: 37F/3C. Tomorrow: Mostly Cloudy, High: 56F/13C, Low: 40F/4C - https://is.gd/VP0PZb
[esper:#reddit-tennis] <blekginger> .tennis dimi
[esper:#reddit-tennis] <ServeBot> (blekginger) ATP Barcelona: Barcelona Open BancSabadell (Barcelona, Spain): | Quarter-Final: (5)Pablo Carreno vs. (2)03Grigor Dimitrov: 6-3, 6-5
[esper:#reddit-tennis] -!- Tennys_dude [44e6811b@gateway/web/freenode/ip.68.230.129.27] has joined
[esper:#reddit-tennis] <Vaanir> It's a Peroni, tastes alright jibbles27 
[esper:#reddit-tennis] <stevejhgla> peroni is nice
[esper:#reddit-tennis] <stevejhgla> italian
[esper:#reddit-tennis] <blekginger> peroni is one of my favourite cheap lagers
[esper:#reddit-tennis] <blekginger> .tennis dimi
[esper:#reddit-tennis] <ServeBot> (blekginger) ATP Barcelona: Barcelona Open BancSabadell (Barcelona, Spain): | Quarter-Final: (5)03Pablo Carreno vs. (2)Grigor Dimitrov: 6-3, 6-6
[esper:#reddit-tennis] <Tennys_dude> im watching the tiebreaker
[esper:#reddit-tennis] <blekginger> lmk how it ends
[esper:#reddit-tennis] <areascontrol> found my boat in DR, stevejhgla 
[esper:#reddit-tennis] <areascontrol> https://usercontent.irccloud-cdn.com/file/feTgwEn4/DSCF0390.jpg
[esper:#reddit-tennis] <stevejhgla> lmao
[esper:#reddit-tennis] <hoglahoo> they misspelled "bear" as "bad"
[esper:#reddit-tennis] <areascontrol> https://www.yachtcharterfleet.com/luxury-charter-yacht-23193/bad-girl.htm
[esper:#reddit-tennis] <ServeBot> Title: BAD GIRL Yacht Charter Price  - Brooke Marine Luxury Yacht Charter
[esper:#reddit-tennis] <stevejhgla> good catch hog
[esper:#reddit-tennis] <Tennys_dude> areascontrol: does it have a tennis court?
[esper:#reddit-tennis] <stevejhgla> onyl 186 ft
[esper:#reddit-tennis] <stevejhgla> bush league
[esper:#reddit-tennis] <merokoyui> .beareascontrol
[esper:#reddit-tennis] <botlahoo> https://i.imgur.com/cyg1Ynf.png
[esper:#reddit-tennis] <areascontrol> no, but it has a dance/ yoga studio
[esper:#reddit-tennis] <Tennys_dude> whatever pleb
[esper:#reddit-tennis] <merokoyui> https://usercontent.irccloud-cdn.com/file/DyiigZYf/beareas.jpg
[esper:#reddit-tennis] <merokoyui> made him fluffy
[esper:#reddit-tennis] <merokoyui> as if you're enjoying
[esper:#reddit-tennis] <merokoyui> xD
[esper:#reddit-tennis] <areascontrol> lol
[esper:#reddit-tennis] <Tennys_dude> that is creepy
[esper:#reddit-tennis] <merokoyui> https://usercontent.irccloud-cdn.com/file/3pVvmtLF/beareas-desat.jpg
[esper:#reddit-tennis] <merokoyui> LOL do you like areas
[esper:#reddit-tennis] <hoglahoo> can you put a ciggy in the bear's mouth
[esper:#reddit-tennis] <stevejhgla> this is my yacht
[esper:#reddit-tennis] <stevejhgla> https://en.wikipedia.org/wiki/Topaz_(yacht)
[esper:#reddit-tennis] <ServeBot> Title: Topaz (yacht) - Wikipedia
[esper:#reddit-tennis] <hoglahoo> so that it looks like it was the bear who corrupted her
[esper:#reddit-tennis] <areascontrol> $205k per WEEK to charter that
[esper:#reddit-tennis] <areascontrol> + expenses
[esper:#reddit-tennis] <hoglahoo> also put this novel somewhere in the background https://en.wikipedia.org/wiki/Bear_(novel)
[esper:#reddit-tennis] <ServeBot> Title: Bear (novel) - Wikipedia
[esper:#reddit-tennis] <areascontrol> lol omg that book again
[esper:#reddit-tennis] <areascontrol> .g the biggest bear kids book
[esper:#reddit-tennis] <ServeBot> (areascontrol) https://www.goodreads.com/book/show/1800287.The_Biggest_Bear -- The Biggest Bear has 3,960 ratings and 305 reviews. Mischenko said: The Biggest Bear by Lynd Ward is a…
[esper:#reddit-tennis] <areascontrol> that one mero ^
[esper:#reddit-tennis] <hoglahoo> great slice from dimi
[esper:#reddit-tennis] <merokoyui> do u want me to edit that
[esper:#reddit-tennis] <merokoyui> what
[esper:#reddit-tennis] <merokoyui> lol
[esper:#reddit-tennis] <areascontrol> .gis setting free the bears john irving
[esper:#reddit-tennis] <ServeBot> (areascontrol) https://i.gr-assets.com/images/S/compressed.photo.goodreads.com/books/1353244890i/16156264._UY200_.jpg
[esper:#reddit-tennis] <Tennys_dude> carreno made a gesture mid-rally like he thought it could have been out
[esper:#reddit-tennis] <merokoyui> im quite happy with my beareascontrol
[esper:#reddit-tennis] <Tennys_dude> you should be
[esper:#reddit-tennis] <Tennys_dude> but it's still creepy
[esper:#reddit-tennis] <merokoyui> rofl
[esper:#reddit-tennis] <merokoyui> it's funny af
[esper:#reddit-tennis] <areascontrol> https://en.wikipedia.org/wiki/Setting_Free_the_Bears
[esper:#reddit-tennis] <ServeBot> Title: Setting Free the Bears - Wikipedia
[esper:#reddit-tennis] <merokoyui> here is stevejhgla 
[esper:#reddit-tennis] <merokoyui> 's
[esper:#reddit-tennis] <merokoyui> .beareascontrol
[esper:#reddit-tennis] <botlahoo> https://i.imgur.com/cyg1Ynf.png
[esper:#reddit-tennis] <merokoyui> have u seen it
[esper:#reddit-tennis] <merokoyui> it's hilarious
[esper:#reddit-tennis] <hoglahoo> pcb matchpoint
[esper:#reddit-tennis] <stevejhgla> such craftsmanship
[esper:#reddit-tennis] <merokoyui> STEVE did u see my beareas
[esper:#reddit-tennis] <merokoyui> i made the bear a bit fluffy
[esper:#reddit-tennis] <merokoyui> hahaha
[esper:#reddit-tennis] <merokoyui> man steve
[esper:#reddit-tennis] <merokoyui> this is your best work to date
[esper:#reddit-tennis] -!- Korvus [~Korvus@191.109.97.70] has joined
[esper:#reddit-tennis] <hoglahoo> !quote Korvus
[esper:#reddit-tennis] <hoglahoo> .weather barrio norte colombia
[esper:#reddit-tennis] <areascontrol> omg bananabanana 
[esper:#reddit-tennis] <ServeBot> (hoglahoo) Barrio Obrero, Colombia - Current: Overcast, 83.0F/28.3C, 75%, Wind: 2.0MPH/3.2KPH ENE, Today: Chance of a Thunderstorm, High: 86F/30C, Low: 77F/25C. Tomorrow: Chance of a Thunderstorm, High: 85F/29C, Low: 78F/26C - https://is.gd/XKpO3w
[esper:#reddit-tennis] <areascontrol> i just saw your baby pic
[esper:#reddit-tennis] <areascontrol> that is adorable
[esper:#reddit-tennis] <Tennys_dude> what is dimitrov complaining about?
[esper:#reddit-tennis] <Tennys_dude> he just mad?
[esper:#reddit-tennis] <Vaanir> Aren't many bars at this smaller airport
[esper:#reddit-tennis] <mcpro> Is goffin on yet? 
[esper:#reddit-tennis] <mcpro> .tennis atp
[esper:#reddit-tennis] <ServeBot> (mcpro) ATP Budapest: Gazprom Hungarian Open (Budapest, Hungary): | (Q)03Lorenzo Sonego vs. (5)Aljaz Bedene: 2-3 | John Millman vs. (LL)Yannick Maden | (LL)Marco Cecchinato d. (7)Jan-Lennard Struff: 5-7, 6-4, 6-2 | (8)Andreas Seppi d. Nikoloz Basilashvili: 6-4, 7-6 
[esper:#reddit-tennis] <ServeBot> ATP Barcelona: Barcelona Open BancSabadell (Barcelona, Spain): | (1)Rafael Nadal vs. (Q)Martin Klizan | (4)David Goffin vs. (8)Roberto Bautista | Stefanos Tsitsipas d. (3)Dominic Thiem: 6-3, 6-2 | (5)Pablo Carreno d. (2)Grigor Dimitrov: 6-3, 7-6 
[esper:#reddit-tennis] <Tennys_dude> i think nadal is next
[esper:#reddit-tennis] <Tennys_dude> dimitrov had some words with Carreno Busta
[esper:#reddit-tennis] <Tennys_dude> i don't know what they said though
[esper:#reddit-tennis] -!- kingoftrex [~kingoftre@unaffiliated/kingoftrex] has joined
[esper:#reddit-tennis] -!- mode/#reddit-tennis [+v kingoftrex] by ChanServ
[esper:#reddit-tennis] <Tennys_dude> and some stat sheet was blocking them so i have no idea what Dimitrov's demeanor was
[esper:#reddit-tennis] <stevejhgla> !quote kingoftrex 
[esper:#reddit-tennis] <mcbot> our brains have folds after i ate it because it always goes so well
[esper:#reddit-tennis] <stevejhgla> gross dude
[esper:#reddit-tennis] <kingoftrex> !quote stevejhgla 
[esper:#reddit-tennis] -!- botbot_the [~cloudbot@96-83-120-65-static.hfc.comcastbusiness.net] has joined
[esper:#reddit-tennis] <merokoyui> maybe delpotato steve
[esper:#reddit-tennis] <Tennys_dude> when Klizan grunts, it sounds like he has the hiccups 
[esper:#reddit-tennis] <areascontrol> here's the dmitrov/ pcb spat blekginger https://twitter.com/troublefault/status/989870573525323778
[esper:#reddit-tennis] <ServeBot> (areascontrol) @troublefault (TroubleFault): Grigor warns Carreño Busta that he won't forget PCB didn't advocate for a replay of the TB point Grigor lost becaus… https://t.co/22yJqBdN3P (21 minutes and 50 seconds ago)
[esper:#reddit-tennis] <stevejhgla> to say that nadal has a very slim chance is not true
[esper:#reddit-tennis] <blekginger> yeah just saw it
[esper:#reddit-tennis] <stevejhgla> in comparison to the size of the chances other players have
[esper:#reddit-tennis] <Tennys_dude> i want to hear it again
[esper:#reddit-tennis] <blekginger> very slim chance of what steve
[esper:#reddit-tennis] <Tennys_dude> doesn't Sam Querry have a better chance than Nadal?
[esper:#reddit-tennis] <stevejhgla> to win wimbly
[esper:#reddit-tennis] <Tennys_dude> yes
[esper:#reddit-tennis] <blekginger> i agree steve
[esper:#reddit-tennis] <hoglahoo> did dimi say "as a man..." ?
[esper:#reddit-tennis] <kingoftrex> as a mother
[esper:#reddit-tennis] <hoglahoo> how about as a tennis player don't get so easily distracted
[esper:#reddit-tennis] -!- botbot_the [~cloudbot@c-73-172-21-241.hsd1.md.comcast.net] has joined
[esper:#reddit-tennis] <thebogbog> hi botbot_the
[esper:#reddit-tennis] <ovah> awwww
[esper:#reddit-tennis] <stevejhgla> rekt
[esper:#reddit-tennis] <botlahoo> ☐ Not REKT ☑ Ship REKT
[esper:#reddit-tennis] <thebogbog> .vegantaco ovah
[esper:#reddit-tennis] <acemon> Ty (Ty https://imgur.com/a/AQzPDTT)
[esper:#reddit-tennis] <ServeBot> Title: imgur: the simple 404 page
[esper:#reddit-tennis] <thebogbog> would eat
[esper:#reddit-tennis] <acemon> I got a card today
[esper:#reddit-tennis] <ovah> hi botbot_the
[esper:#reddit-tennis] <acemon> From a student
[esper:#reddit-tennis] <thebogbog> aw it likes you ovah
[esper:#reddit-tennis] <ovah> the one u had sex with ace
[esper:#reddit-tennis] <thebogbog> .sheath
[esper:#reddit-tennis] <botlahoo> https://i.imgur.com/dgqsn9B.jpg
[esper:#reddit-tennis] <Korvus> Hi botlahoo
[esper:#reddit-tennis] <botlahoo> hi Korvus :]
[esper:#reddit-tennis] <Korvus> :3
[esper:#reddit-tennis] <thebogbog> .burger botlahoo 
[esper:#reddit-tennis] * botlahoo devours the whole thing
[esper:#reddit-tennis] <botlahoo> Does anyone else get tired of eating plants all the time?
[esper:#reddit-tennis] <thebogbog> no
[esper:#reddit-tennis] <stevejhgla> wow nice acemon 
[esper:#reddit-tennis] <thebogbog> .veganpizza botlahoo 
[esper:#reddit-tennis] * botlahoo devours the whole thing
[esper:#reddit-tennis] <Tennys_dude> depends what im eating them with
[esper:#reddit-tennis] <stevejhgla> eating plants is great
[esper:#reddit-tennis] <botlahoo> Mmm delicious, but could have used more motor oil
[esper:#reddit-tennis] <Tennys_dude> if i eat them with meat, it's great
[esper:#reddit-tennis] <stevejhgla> ironically, i have a greater diversity of foods now that i only eat plants
[esper:#reddit-tennis] <Tennys_dude> good balance
[esper:#reddit-tennis] <thebogbog> lets go penko
[esper:#reddit-tennis] <stevejhgla> penko brad crumbs
[esper:#reddit-tennis] <Tennys_dude> i like those on chicken
[esper:#reddit-tennis] <Tennys_dude> good combo
[esper:#reddit-tennis] <areascontrol> Abortion: 
[esper:#reddit-tennis] <stevejhgla> ne1else sick of meat eater shoving their dietary choices down your throat
[esper:#reddit-tennis] <stevejhgla> smh
[esper:#reddit-tennis] <Tennys_dude> i like what i like
[esper:#reddit-tennis] <Tennys_dude> i like penko and i like chicken
[esper:#reddit-tennis] <Abortion> sup areascontrol
[esper:#reddit-tennis] <stevejhgla> you are old enough to be her father
[esper:#reddit-tennis] <stevejhgla> that's gross
[esper:#reddit-tennis] <hoglahoo> .babyplinko
[esper:#reddit-tennis] <botlahoo> https://img.vavel.com/ostapenko-ef-bob-532359401.jpg
[esper:#reddit-tennis] <ovah> oh oh oh 
[esper:#reddit-tennis] <areascontrol> .tell Abortion this is amazing <3 :( https://postsintoletters.com/
[esper:#reddit-tennis] <ovah> ABORTIONNNNNNNNNNNNNNNN
[esper:#reddit-tennis] <ovah> and boggy 
[esper:#reddit-tennis] <Abortion> but I"m right here
[esper:#reddit-tennis] <Abortion> why you use .tell
[esper:#reddit-tennis] <ovah> i found the perfect gift for the men in ur lives
[esper:#reddit-tennis] <Abortion> ლ(ಠ益ಠლ)
[esper:#reddit-tennis] <areascontrol> oh lol
[esper:#reddit-tennis] <Abortion> what is it ovah
[esper:#reddit-tennis] <areascontrol> i didn't see you
[esper:#reddit-tennis] <areascontrol> i am so tired today!
[esper:#reddit-tennis] <ovah> https://getstudioready.com/products/studio-ready-hot-coffee-scrub
[esper:#reddit-tennis] <ServeBot> Title: New Studio Ready Hot Coffee Scrub – GSR
[esper:#reddit-tennis] <ovah> areas u can get it for ur husband too 
[esper:#reddit-tennis] <areascontrol> that uses their dead kid's handwriting ^^^
[esper:#reddit-tennis] <Abortion> no the most effective way is to track down the congresspersons and argue with them areascontrol
[esper:#reddit-tennis] <Abortion> ᕦΩ(ò_óˇ)Ωᕤ
[esper:#reddit-tennis] <Abortion> which I have done on many occasions
[esper:#reddit-tennis] <areascontrol> yeah but not all of us can!
[esper:#reddit-tennis] <Tennys_dude> penko as her foot parallel to the baseline
[esper:#reddit-tennis] <Abortion> but sure that's cool too
[esper:#reddit-tennis] <Tennys_dude> nadal doesn't
[esper:#reddit-tennis] <ovah> stfu and start using the scrub
[esper:#reddit-tennis] <Tennys_dude> is one better than the other
[esper:#reddit-tennis] <areascontrol> it's wild that they have the tech to do that
[esper:#reddit-tennis] <stevejhgla> isner has it parallel 
[esper:#reddit-tennis] <areascontrol> and you can submit handwriting from gunshot victims you know as well on there
[esper:#reddit-tennis] <Abortion> I don't get it ovah
[esper:#reddit-tennis] <Abortion> why do you want to smell like coffee
[esper:#reddit-tennis] <Abortion> that is fantastic areascontrol
[esper:#reddit-tennis] <Abortion> and creative
[esper:#reddit-tennis] <Abortion> and also creepy
[esper:#reddit-tennis] <ovah> idk it guess its supposed to make ur butt smell good for sex
[esper:#reddit-tennis] <Abortion> it's creeptastic
[esper:#reddit-tennis] <areascontrol> guac's dad don't care
[esper:#reddit-tennis] <areascontrol> i love him
[esper:#reddit-tennis] <ovah> apparently the gays  have been loking it 
[esper:#reddit-tennis] <Tennys_dude> .wa age Ostapenko
[esper:#reddit-tennis] <ServeBot> (Tennys_dude) Result: 31 years 11 months - https://is.gd/IAHbsN
[esper:#reddit-tennis] <areascontrol> have you been keeping up w. his murals?
[esper:#reddit-tennis] <stevejhgla> she's like 20 years old
[esper:#reddit-tennis] <Abortion> lol ovah
[esper:#reddit-tennis] <Abortion> guac?
[esper:#reddit-tennis] <Tennys_dude> it says 31 right there
[esper:#reddit-tennis] <areascontrol> one of the parkland victims
[esper:#reddit-tennis] <areascontrol> joaquin but everyone called him guac
[esper:#reddit-tennis] <ovah> abortion before we consummate our love id like u to use that
[esper:#reddit-tennis] <Abortion> 'cause he costs extra at chipotle's
[esper:#reddit-tennis] <hoglahoo> .hi
[esper:#reddit-tennis] <ServeBot> Title: food since vegan - Album on Imgur
[esper:#reddit-tennis] <Abortion> wedding's off ლ(ಠ益ಠლ)
[esper:#reddit-tennis] <ovah> NO
[esper:#reddit-tennis] <ovah> got dammit
[esper:#reddit-tennis] <Abortion> I don't want to smell like coffee
[esper:#reddit-tennis] <ovah> fine use another flavor
[esper:#reddit-tennis] <Abortion> is pliskova good on clay 'cause that would make no sense
[esper:#reddit-tennis] <Tennys_dude> the commentator said she isn't
[esper:#reddit-tennis] <ovah> whats alarming is men have a lot of hair on their butts so its going to smell gross anyways i feel 
[esper:#reddit-tennis] <Abortion> lol ovah
[esper:#reddit-tennis] <ovah> well its true 
[esper:#reddit-tennis] <Abortion> ovah gonna be a lesbian
[esper:#reddit-tennis] <ovah> that hair carries a lot of smell 
[esper:#reddit-tennis] <Abortion> we all knnow it
[esper:#reddit-tennis] <thebogbog> not if they wash their butt several times per day ^_^
[esper:#reddit-tennis] <ovah> lmao
[esper:#reddit-tennis] <Abortion> .8ball is ovah going to be a lesbian?
[esper:#reddit-tennis] * ServeBot shakes the magic 8 ball... 3One would be wise to think so
[esper:#reddit-tennis] <ovah> is that what hvg does
[esper:#reddit-tennis] <Abortion> (☝ﾟヮﾟ)☝
[esper:#reddit-tennis] <Tennys_dude> HAHA
[esper:#reddit-tennis] <Abortion> the bot knows
[esper:#reddit-tennis] <Tennys_dude> 8ball knows all
[esper:#reddit-tennis] <thebogbog> your guess is as good as mine as to what he spends all that time in the bathroom doing
[esper:#reddit-tennis] <Abortion> .choose simona is more of a lesbian or ovah is more of a lesbian
[esper:#reddit-tennis] <ServeBot> (Abortion) simona is more of a lesbian
[esper:#reddit-tennis] <ovah> well wtf does his butt smell like 
[esper:#reddit-tennis] <ovah> lol 
[esper:#reddit-tennis] <thebogbog> smells like nothing
[esper:#reddit-tennis] <thebogbog> clean and fres
[esper:#reddit-tennis] <ovah> what does nothing smell like 
[esper:#reddit-tennis] <ovah> lol 
[esper:#reddit-tennis] <Abortion> do you spend a lot of time with his butt
[esper:#reddit-tennis] <ovah> of course she does
[esper:#reddit-tennis] <ovah> its there whenever shes with him
[esper:#reddit-tennis] <ovah> lol 
[esper:#reddit-tennis] <ovah> idk i just dont trust men and their butts
[esper:#reddit-tennis] <ovah> they dont know how to wipe properly 
[esper:#reddit-tennis] <ovah> :/
[esper:#reddit-tennis] <ovah> lol 
[esper:#reddit-tennis] <thebogbog> butts are close to other things
[esper:#reddit-tennis] * thebogbog shrugs
[esper:#reddit-tennis] <ovah> and even if they do wipe it gets in their hairy ass
[esper:#reddit-tennis] <thebogbog> what if they trim their butt hair
[esper:#reddit-tennis] <Abortion> wow inky's serve is good on clay too
[esper:#reddit-tennis] <ovah> i had an awful experience once 
[esper:#reddit-tennis] <Tennys_dude> rip penko
[esper:#reddit-tennis] <hoglahoo> .define dingleberry
[esper:#reddit-tennis] <ServeBot> (hoglahoo) dingleberry: Vulgar Slang   A piece of dried feces caught in the hair around the anus. - https://is.gd/FUUw6o (AHD/Wordnik)
[esper:#reddit-tennis] <ovah> lol 
[esper:#reddit-tennis] <Tennys_dude> serves are better indoors
[esper:#reddit-tennis] <thebogbog> lol
[esper:#reddit-tennis] <ovah> it was worse that that i think hog 
[esper:#reddit-tennis] <ovah> :(
[esper:#reddit-tennis] <Tennys_dude> nice winner :)
[esper:#reddit-tennis] * ovah cries 
[esper:#reddit-tennis] <hoglahoo> was it reconstituted
[esper:#reddit-tennis] <hoglahoo> rehydrated
[esper:#reddit-tennis] <ovah> lol 
[esper:#reddit-tennis] <ovah> do u want the story
[esper:#reddit-tennis] <hoglahoo> no
[esper:#reddit-tennis] <ovah> lol then stop asking
[esper:#reddit-tennis] <hoglahoo> right now you're thinking about it more than I am
[esper:#reddit-tennis] <hoglahoo> I like it to stay that way
[esper:#reddit-tennis] <Tennys_dude> there's a story?
[esper:#reddit-tennis] <ovah> i met this guy he said his name was hog
[esper:#reddit-tennis] <ovah> lol 
[esper:#reddit-tennis] <ServeBot> ・゜゜・。。 ​ ・゜゜\​_O< QUACK​!
[esper:#reddit-tennis] <Tennys_dude> .bang
[esper:#reddit-tennis] <ServeBot> Tennys_dude you shot a duck in 2.797 seconds! You have killed 30 ducks in #reddit-tennis.
[esper:#reddit-tennis] <mcbot> if they can supplement with protein
[esper:#reddit-tennis] <Tennys_dude> that's it ovah?
[esper:#reddit-tennis] <ovah> no 
[esper:#reddit-tennis] <Tennys_dude> what else?
[esper:#reddit-tennis] <ovah> its just i was having relations with this guy once and  he smelled like poo and then he denied it... was awful
[esper:#reddit-tennis] <ovah> i confronted him and he got upset
[esper:#reddit-tennis] <ovah> i was like ummm
[esper:#reddit-tennis] <mcpro> Lovely topic youve moved onto herr
[esper:#reddit-tennis] <ovah> lol
[esper:#reddit-tennis] <mcpro> Glad I timed my return for this
[esper:#reddit-tennis] <ovah> sowwy
[esper:#reddit-tennis] <Tennys_dude> hehe
[esper:#reddit-tennis] <Tennys_dude> it's really my fault for asking
[esper:#reddit-tennis] <ovah> and his name was tennys dude
[esper:#reddit-tennis] <ovah> lol 
[esper:#reddit-tennis] <Tennys_dude> :/
[esper:#reddit-tennis] -!- botbot_the [~cloudbot@c-73-172-21-241.hsd1.md.comcast.net] has joined
[esper:#reddit-tennis] <areascontrol> also thebogbog ovah a client i had 
[esper:#reddit-tennis] <areascontrol> her live in bf was an auto mechanic
[esper:#reddit-tennis] <areascontrol> she tmi'd me 
[esper:#reddit-tennis] <ServeBot> ・゜゜・。 ​ 。・゜゜\_o<​ F​LAP FLAP!
[esper:#reddit-tennis] <areascontrol> and told me he wouldn't shower after work
[esper:#reddit-tennis] <thebogbog> .bef
[esper:#reddit-tennis] <ServeBot> thebogbog you befriended a duck in 2.199 seconds! You have made friends with 537 ducks in #reddit-tennis.
[esper:#reddit-tennis] <thebogbog> ews
[esper:#reddit-tennis] <areascontrol> black grease all over sheets, thru to mattress
[esper:#reddit-tennis] <ovah> and she would suck his sweaty cock
[esper:#reddit-tennis] <thebogbog> i would not want that all over my house
[esper:#reddit-tennis] <thebogbog> yeah
[esper:#reddit-tennis] <ovah> oh
[esper:#reddit-tennis] <ovah> lol 
[esper:#reddit-tennis] <areascontrol> WHY DO YOU FUCKING SLEEP W. HIM?
[esper:#reddit-tennis] <thebogbog> lmao ovah
[esper:#reddit-tennis] <thebogbog> was she into it
[esper:#reddit-tennis] <thebogbog> the grimy mechanic thing
[esper:#reddit-tennis] <areascontrol> i don't think so
[esper:#reddit-tennis] <ovah> well some people are into sucking sweaty cock after a long day 
[esper:#reddit-tennis] <ovah> i dont mind but i dont wanna smell shit... but it also has to be cut :/
[esper:#reddit-tennis] <areascontrol> she was complaining about it and even pulled the fitted sheet back to show me the mattress
[esper:#reddit-tennis] <ovah> if imma do that
[esper:#reddit-tennis] <thebogbog> they are entitled to that
[esper:#reddit-tennis] <thebogbog> wait what
[esper:#reddit-tennis] <areascontrol> i was doing a home visit
[esper:#reddit-tennis] <areascontrol> and she was mad with him about it
[esper:#reddit-tennis] <thebogbog> yuck
[esper:#reddit-tennis] <areascontrol> he wasn't home at the time
[esper:#reddit-tennis] <ovah> ewwwww
[esper:#reddit-tennis] <stevejhgla> sounds like they saved a bunch of money on lube
[esper:#reddit-tennis] <areascontrol> ew
[esper:#reddit-tennis] <ovah> ewwwwwwwwww
[esper:#reddit-tennis] <thebogbog> lmfao
[esper:#reddit-tennis] <Abortion> .yt smell yo dick
[esper:#reddit-tennis] <ServeBot> (Abortion) Riskay - Smell Yo Dick - length 3m 38s - 39,505 likes, 6,471 dislikes (85.9%) - 7,699,947 views - RiskayVEVO on 2009.10.25 - http://youtu.be/lgWgEoaAYDY
[esper:#reddit-tennis] <Abortion> (☝ﾟヮﾟ)☝
[esper:#reddit-tennis] <Abortion> classic
[esper:#reddit-tennis] <areascontrol> LOL Abortion 
[esper:#reddit-tennis] <areascontrol> def classic
[esper:#reddit-tennis] <Abortion> fun fact: areascontrol played that song at her second wedding
[esper:#reddit-tennis] <areascontrol> i did not
[esper:#reddit-tennis] <areascontrol> but i wanted to play 
[esper:#reddit-tennis] <Abortion> ok it was the third wedding
[esper:#reddit-tennis] <ovah> like one time 
[esper:#reddit-tennis] <areascontrol> .yt dirty fucking whore machine gun fellatio
[esper:#reddit-tennis] <ServeBot> (areascontrol) Machine Gun Fellatio   Let Me Be Your Dirty Fucking Whore - length 1m 43s - 356 likes, 16 dislikes (95.7%) - 55,387 views - ragachev on 2012.04.26 - http://youtu.be/xPqxiGpQtHA
[esper:#reddit-tennis] <ovah> i tried to do some oral performance on HUG
[esper:#reddit-tennis] <areascontrol> it's our song <3
[esper:#reddit-tennis] * areascontrol cackles
[esper:#reddit-tennis] <ovah> after  he had been we woke up and he hadnt showered yet
[esper:#reddit-tennis] <ovah> and it was not cute
[esper:#reddit-tennis] <ovah> after 15 seconds
[esper:#reddit-tennis] <ovah> i said go away lol 
[esper:#reddit-tennis] <thebogbog> ovah you wont have oral sex with someone uncircumcised?
[esper:#reddit-tennis] <ovah> no i will 
[esper:#reddit-tennis] <ovah> i dont care about that 
[esper:#reddit-tennis] <ovah> im just saying it was not a good experience with a one day old one lol 
[esper:#reddit-tennis] <ovah> since it was cleaned
[esper:#reddit-tennis] <areascontrol> LOL
[esper:#reddit-tennis] <areascontrol> is that like day old bread?
[esper:#reddit-tennis] <ovah> cuz its not a cute site when u get under the foreskin
[esper:#reddit-tennis] <ovah> its sweaty and trapped
[esper:#reddit-tennis] <ovah> :/
[esper:#reddit-tennis] <areascontrol> lol omg
[esper:#reddit-tennis] <ovah> so wtf do u think happens 
[esper:#reddit-tennis] <ovah> lol 
[esper:#reddit-tennis] <ovah> thats how they get penis cheese 
[esper:#reddit-tennis] <ovah> :(
[esper:#reddit-tennis] <stevejhgla> does it really get that disgusting after one day
[esper:#reddit-tennis] <stevejhgla> holy shit
[esper:#reddit-tennis] <areascontrol> lol mr areas just said i don't wanna hear about this
[esper:#reddit-tennis] <stevejhgla> that's gross
[esper:#reddit-tennis] <ovah> lmfao 
[esper:#reddit-tennis] <thebogbog> lol
[esper:#reddit-tennis] <thebogbog> good time for mr areas to read over your shoulder
[esper:#reddit-tennis] <ovah> ive seen a lot of uncircumsized 
[esper:#reddit-tennis] <ovah> cuz i like eastern euro men
[esper:#reddit-tennis] <areascontrol> i was reading out loud lol
[esper:#reddit-tennis] <areascontrol> he ran away
[esper:#reddit-tennis] <ovah> lmaooooooooooooooooooooo
[esper:#reddit-tennis] <thebogbog> in other news
[esper:#reddit-tennis] <thebogbog> TIL i like cardi b's music
[esper:#reddit-tennis] <ovah> well tell him to clean his dick 
[esper:#reddit-tennis] <ovah> and it wont be a prob
[esper:#reddit-tennis] <areascontrol> i like cardi b's attitude
[esper:#reddit-tennis] <areascontrol> she fucking cracks me up
[esper:#reddit-tennis] <ovah> i dont care for her 
[esper:#reddit-tennis] <thebogbog> i find her mad cute
[esper:#reddit-tennis] -!- Ikoru2 [~Ikoru@host109-152-251-206.range109-152.btcentralplus.com] has joined
