[esper:*] -barjavel.freenode.net- *** Looking up your hostname...
[esper:*] -barjavel.freenode.net- *** Checking Ident
[esper:*] -barjavel.freenode.net- *** Found your hostname
[esper:*] -barjavel.freenode.net- *** No Ident response
[esper:*] -orwell.freenode.net- *** Looking up your hostname...
[esper:*] -orwell.freenode.net- *** Checking Ident
[esper:*] -orwell.freenode.net- *** Found your hostname
[esper:*] -orwell.freenode.net- *** No Ident response
[esper:*] -adams.freenode.net- *** Looking up your hostname...
[esper:*] -adams.freenode.net- *** Checking Ident
[esper:*] -adams.freenode.net- *** Found your hostname
[esper:*] -adams.freenode.net- *** No Ident response
[esper:*] -livingstone.freenode.net- *** Looking up your hostname...
[esper:*] -livingstone.freenode.net- *** Checking Ident
[esper:*] -livingstone.freenode.net- *** Found your hostname
[esper:*] -livingstone.freenode.net- *** No Ident response
[esper:*] -cherryh.freenode.net- *** Looking up your hostname...
[esper:*] -cherryh.freenode.net- *** Checking Ident
[esper:*] -cherryh.freenode.net- *** Found your hostname
[esper:*] -cherryh.freenode.net- *** No Ident response
[esper:*] -livingstone.freenode.net- *** Looking up your hostname...
[esper:*] -livingstone.freenode.net- *** Checking Ident
[esper:*] -livingstone.freenode.net- *** Found your hostname
[esper:*] -livingstone.freenode.net- *** No Ident response
[esper:*] -hitchcock.freenode.net- *** Looking up your hostname...
[esper:*] -hitchcock.freenode.net- *** Checking Ident
[esper:*] -hitchcock.freenode.net- *** Found your hostname
[esper:*] -hitchcock.freenode.net- *** No Ident response
[esper:*] -weber.freenode.net- *** Looking up your hostname...
[esper:*] -weber.freenode.net- *** Checking Ident
[esper:*] -weber.freenode.net- *** Found your hostname
[esper:*] -weber.freenode.net- *** No Ident response
[esper:*] -moon.freenode.net- *** Looking up your hostname...
[esper:*] -moon.freenode.net- *** Checking Ident
[esper:*] -moon.freenode.net- *** Found your hostname
[esper:*] -moon.freenode.net- *** No Ident response
[esper:*] -orwell.freenode.net- *** Looking up your hostname...
[esper:*] -orwell.freenode.net- *** Checking Ident
[esper:*] -orwell.freenode.net- *** Found your hostname
[esper:*] -orwell.freenode.net- *** No Ident response
[esper:*] -verne.freenode.net- *** Looking up your hostname...
[esper:*] -verne.freenode.net- *** Checking Ident
[esper:*] -verne.freenode.net- *** Found your hostname
[esper:*] -verne.freenode.net- *** No Ident response
[esper:*] -wolfe.freenode.net- *** Looking up your hostname...
[esper:*] -wolfe.freenode.net- *** Checking Ident
[esper:*] -wolfe.freenode.net- *** Found your hostname
[esper:*] -wolfe.freenode.net- *** No Ident response
[esper:*] -kornbluth.freenode.net- *** Looking up your hostname...
[esper:*] -kornbluth.freenode.net- *** Checking Ident
[esper:*] -kornbluth.freenode.net- *** Found your hostname
[esper:*] -kornbluth.freenode.net- *** No Ident response
[esper:*] -niven.freenode.net- *** Looking up your hostname...
[esper:*] -niven.freenode.net- *** Checking Ident
[esper:*] -niven.freenode.net- *** Found your hostname
[esper:*] -niven.freenode.net- *** No Ident response
[esper:*] -hitchcock.freenode.net- *** Looking up your hostname...
[esper:*] -hitchcock.freenode.net- *** Checking Ident
[esper:*] -hitchcock.freenode.net- *** No Ident response
[esper:*] -hitchcock.freenode.net- *** Couldn't look up your hostname
[esper:*] -kornbluth.freenode.net- *** Looking up your hostname...
[esper:*] -kornbluth.freenode.net- *** Checking Ident
[esper:*] -kornbluth.freenode.net- *** Couldn't look up your hostname
[esper:*] -kornbluth.freenode.net- *** No Ident response
[esper:*] -verne.freenode.net- *** Looking up your hostname...
[esper:*] -verne.freenode.net- *** Checking Ident
[esper:*] -verne.freenode.net- *** Couldn't look up your hostname
[esper:*] -verne.freenode.net- *** No Ident response
