[esper:*] -weber.freenode.net- *** Looking up your hostname...
[esper:*] -weber.freenode.net- *** Checking Ident
[esper:*] -weber.freenode.net- *** No Ident response
[esper:*] -weber.freenode.net- *** Found your hostname
[esper:*] -verne.freenode.net- *** Looking up your hostname...
[esper:*] -verne.freenode.net- *** Checking Ident
[esper:*] -verne.freenode.net- *** No Ident response
[esper:*] -verne.freenode.net- *** Found your hostname
[esper:*] -weber.freenode.net- *** Looking up your hostname...
[esper:*] -weber.freenode.net- *** Checking Ident
[esper:*] -weber.freenode.net- *** Found your hostname
[esper:*] -weber.freenode.net- *** No Ident response
[esper:*] -tolkien.freenode.net- *** Looking up your hostname...
[esper:*] -tolkien.freenode.net- *** Checking Ident
[esper:*] -tolkien.freenode.net- *** Found your hostname
[esper:*] -tolkien.freenode.net- *** No Ident response
[esper:*] -hitchcock.freenode.net- *** Looking up your hostname...
[esper:*] -hitchcock.freenode.net- *** Checking Ident
[esper:*] -hitchcock.freenode.net- *** Found your hostname
[esper:*] -hitchcock.freenode.net- *** No Ident response
[esper:*] -orwell.freenode.net- *** Looking up your hostname...
[esper:*] -orwell.freenode.net- *** Checking Ident
[esper:*] -orwell.freenode.net- *** Found your hostname
[esper:*] -orwell.freenode.net- *** No Ident response
[esper:*] -tolkien.freenode.net- *** Looking up your hostname...
[esper:*] -tolkien.freenode.net- *** Checking Ident
[esper:*] -tolkien.freenode.net- *** Found your hostname
[esper:*] -tolkien.freenode.net- *** No Ident response
[esper:*] -tolkien.freenode.net- *** Looking up your hostname...
[esper:*] -tolkien.freenode.net- *** Checking Ident
[esper:*] -tolkien.freenode.net- *** Found your hostname
[esper:*] -tolkien.freenode.net- *** No Ident response
[esper:*] -leguin.freenode.net- *** Looking up your hostname...
[esper:*] -leguin.freenode.net- *** Checking Ident
[esper:*] -leguin.freenode.net- *** Found your hostname
[esper:*] -leguin.freenode.net- *** No Ident response
[esper:*] -weber.freenode.net- *** Looking up your hostname...
[esper:*] -weber.freenode.net- *** Checking Ident
[esper:*] -weber.freenode.net- *** Found your hostname
[esper:*] -weber.freenode.net- *** No Ident response
