[esper:#reddit-tennis] -!- botbot_the [~cloudbot@96-83-120-66-static.hfc.comcastbusiness.net] has joined
[esper:#reddit-tennis] <blekginger> !quote botbot_the 
[esper:#reddit-tennis] <blekginger> !quote botlahoo 
[esper:#reddit-tennis] <stevejhgla> >thebogbog: should I go to work?
[esper:#reddit-tennis] <blekginger> rip
[esper:#reddit-tennis] <stevejhgla> everyone says no
[esper:#reddit-tennis] <stevejhgla> >thebogbog: at work botting
[esper:#reddit-tennis] <stevejhgla> happy medium
[esper:#reddit-tennis] <stevejhgla> .liverank atp gael
[esper:#reddit-tennis] <stevejhgla> i want him back in top10
[esper:#reddit-tennis] <blekginger> member when he was #6
[esper:#reddit-tennis] <stevejhgla> ya
[esper:#reddit-tennis] <blekginger> 2016 was such a good gael year
[esper:#reddit-tennis] <stevejhgla> no wait i don't 
[esper:#reddit-tennis] <stevejhgla> when was that
[esper:#reddit-tennis] <blekginger> end of 2016
[esper:#reddit-tennis] <blekginger> !quote stevejhgla 
[esper:#reddit-tennis] <mcbot> is your favourite thai dishes
[esper:#reddit-tennis] <ServeBot> ・゜゜・。。・ ​ ゜゜\_​0< QUAC​K!
[esper:#reddit-tennis] <blekginger> .bang
[esper:#reddit-tennis] <ServeBot> blekginger you shot a duck in 2.762 seconds! You have killed 103 ducks in #reddit-tennis.
[esper:#reddit-tennis] <blekginger> .seen mcpro
[esper:#reddit-tennis] <ServeBot> (blekginger) mcpro was last seen 2 hours and 17 minutes ago saying: Bye ash
[esper:#reddit-tennis] <blekginger> !quote mcpro
[esper:#reddit-tennis] <blekginger> rip
[esper:#reddit-tennis] -!- jibbles27_ [~default@c-71-229-244-81.hsd1.co.comcast.net] has joined
[esper:#reddit-tennis] <stevejhgla> bye Ash- 
[esper:#reddit-tennis] <jibbles27_> hi
[esper:#reddit-tennis] <stevejhgla> gael serving for set
[esper:#reddit-tennis] <mcpro> !quote blekginger 
[esper:#reddit-tennis] <mcbot> this game wins the set
[esper:#reddit-tennis] <stevejhgla> correct mcbot
[esper:#reddit-tennis] <mcpro> Timely
[esper:#reddit-tennis] <blekginger> lol
[esper:#reddit-tennis] <stevejhgla> if gael wins french open
[esper:#reddit-tennis] <stevejhgla> do u think they will have Gael Pride Parade
[esper:#reddit-tennis] <stevejhgla> in streets of paris
[esper:#reddit-tennis] <thebogbog> .vegantaco stevejhgla
[esper:#reddit-tennis] <stevejhgla> nice
[esper:#reddit-tennis] <thebogbog> would eat
[esper:#reddit-tennis] <stevejhgla> ya
[esper:#reddit-tennis] <mcpro> Just made pizza with my dough 
[esper:#reddit-tennis] <thebogbog> i am growing ghost chili
[esper:#reddit-tennis] <thebogbog> on my porch
[esper:#reddit-tennis] <mcpro> Was actually p good
[esper:#reddit-tennis] <stevejhgla> sweet
[esper:#reddit-tennis] <stevejhgla> what will you use it for
[esper:#reddit-tennis] <thebogbog> no
[esper:#reddit-tennis] <thebogbog> spicy
[esper:#reddit-tennis] <mcpro> Eyyy
[esper:#reddit-tennis] <thebogbog> probably homemade hot sauce
[esper:#reddit-tennis] <thebogbog> tbh
[esper:#reddit-tennis] <stevejhgla> sweet n spicy
[esper:#reddit-tennis] <thebogbog> like slightly fermented sriracha style
[esper:#reddit-tennis] <stevejhgla> til sriracha is fermented
[esper:#reddit-tennis] <mcpro> I have another three pizza doughs
[esper:#reddit-tennis] <mcpro> What do
[esper:#reddit-tennis] <blekginger> lol munich dj playing scatman
[esper:#reddit-tennis] <stevejhgla> 3 pizzas
[esper:#reddit-tennis] <mcpro> I will make one into garlic bread 
[esper:#reddit-tennis] <blekginger> .pizza mcpro
[esper:#reddit-tennis] * ServeBot sends mcpro a medium size stone oven baked Canadian bacon pizza with cheese curds on top.
[esper:#reddit-tennis] <stevejhgla> i'm the scatman
[esper:#reddit-tennis] <blekginger> make that
[esper:#reddit-tennis] <mcpro> Nah
[esper:#reddit-tennis] <stevejhgla> skibby dibby dibby do da da do
[esper:#reddit-tennis] <stevejhgla> do da da do
[esper:#reddit-tennis] <mcpro> Maybe one calzone
[esper:#reddit-tennis] <stevejhgla> skibby dibby dibby do da da do
[esper:#reddit-tennis] <stevejhgla> do da da do
[esper:#reddit-tennis] <stevejhgla> everyone stutters one way or the other so check out my message to you
[esper:#reddit-tennis] <stevejhgla> as a fatter of fact don't let nothing hold you back if the scatman can do it then so can you
[esper:#reddit-tennis] <stevejhgla> i'm the scatman
[esper:#reddit-tennis] <stevejhgla> s/fat/mat
[esper:#reddit-tennis] <ServeBot> Correction, <stevejhgla> as a matter of fact don't let nothing hold you back if the scatman can do it then so can you
[esper:#reddit-tennis] <baraba> .bang
[esper:#reddit-tennis] -!- baraba [~baraba@unaffiliated/baraba] has joined
[esper:#reddit-tennis] <stevejhgla> .seen baraba
[esper:#reddit-tennis] <ServeBot> (stevejhgla) baraba was last seen 11 seconds ago saying: .bang
[esper:#reddit-tennis] <hoglahoo> s/the scat/bat
[esper:#reddit-tennis] <ServeBot> Correction, <stevejhgla> as a matter of fact don't let nothing hold you back if batman can do it then so can you
[esper:#reddit-tennis] <stevejhgla> batman couldn't do it
[esper:#reddit-tennis] <stevejhgla> that's why he has gadgets
[esper:#reddit-tennis] <hoglahoo> I wanted to modify your previous line
[esper:#reddit-tennis] * hoglahoo soughs
[esper:#reddit-tennis] <stevejhgla> why didn't you
[esper:#reddit-tennis] <hoglahoo> because of a failure
[esper:#reddit-tennis] <stevejhgla> who is at fault
[esper:#reddit-tennis] <mcpro> You're a failure hoglahoo
[esper:#reddit-tennis] <mcpro> How does it feel
[esper:#reddit-tennis] <stevejhgla> .1 #reddit-tennis 
[esper:#reddit-tennis] <hoglahoo> feels like mcpro
[esper:#reddit-tennis] <stevejhgla> .q #reddit-tennis 
[esper:#reddit-tennis] <ServeBot> (stevejhgla) [91/356] <redefef> Fed almost looks like he done yoga in Himalayas for years, so collected all the time
[esper:#reddit-tennis] <mcpro> Oh no 
[esper:#reddit-tennis] <stevejhgla> he does yoga with bluelobster in nepal
[esper:#reddit-tennis] <blekginger> was fed berating line judges in himalaya too
[esper:#reddit-tennis] <stevejhgla> have you ever been hated or discriminated against?
[esper:#reddit-tennis] <mcpro> Wat
[esper:#reddit-tennis] <stevejhgla> i have
[esper:#reddit-tennis] <stevejhgla> for some reason I thought he said berated in that song
[esper:#reddit-tennis] <stevejhgla> oops
[esper:#reddit-tennis] <thebogbog> !quote botlahoo
[esper:#reddit-tennis] <thebogbog> !quote botlahoo
[esper:#reddit-tennis] <thebogbog> !quote botlahoo
[esper:#reddit-tennis] <stevejhgla> !quote botbot_the 
[esper:#reddit-tennis] <mcbot> People know tennis players can run, but I couldn't get more consistent than this year.
[esper:#reddit-tennis] <thebogbog> !quote botlahoo
[esper:#reddit-tennis] <stevejhgla> -michael scott
[esper:#reddit-tennis] <thebogbog> lol
[esper:#reddit-tennis] <thebogbog> lol
[esper:#reddit-tennis] <stevejhgla> lol
[esper:#reddit-tennis] <stevejhgla> lol
[esper:#reddit-tennis] <thebogbog> ugh
[esper:#reddit-tennis] * thebogbog goes home
[esper:#reddit-tennis] <stevejhgla> no don't do that
[esper:#reddit-tennis] <merokoyui> lol why
[esper:#reddit-tennis] <stevejhgla> it will negate my vote
[esper:#reddit-tennis] <blekginger> s/negate/berate
[esper:#reddit-tennis] <ServeBot> Correction, <stevejhgla> it will berate my vote
[esper:#reddit-tennis] <stevejhgla> shit blek now gael is down a break 
[esper:#reddit-tennis] <blekginger> yes i am watching stove
[esper:#reddit-tennis] <blekginger> .yt simple plan perfect
[esper:#reddit-tennis] <ServeBot> (blekginger) Simple Plan - Perfect (Official Video) - length 4m 35s - 449,640 likes, 9,231 dislikes (98.0%) - 80,943,456 views - Atlantic Records on 2009.10.27 - http://youtu.be/RUi54JTgL5s
[esper:#reddit-tennis] <blekginger> .tennis king
[esper:#reddit-tennis] <ServeBot> (blekginger) 2018 Savannah Challenger (Men's Singles) (Savannah, United States): | Round of 32: (8)Evan King vs. (Q)03Karue Sell: 0-0
[esper:#reddit-tennis] <ServeBot> 2018 Puerto Vallerta Challenger (Men's Singles) (Puerto Vallarta, Mexico): | Round of 32: (3)Kevin King vs. Nicolaas Scholtz 
[esper:#reddit-tennis] <blekginger> nice
[esper:#reddit-tennis] <stevejhgla> savannah is such a cool town
[esper:#reddit-tennis] <blekginger> .ae green clay
[esper:#reddit-tennis] <ServeBot> (blekginger) ｇｒｅｅｎ ｃｌａｙ
[esper:#reddit-tennis] <stevejhgla> blek did you get to travel much in the US
[esper:#reddit-tennis] <blekginger> just new york, dc and philly
[esper:#reddit-tennis] <thebogbog> u gon come to bmore for my wedding
[esper:#reddit-tennis] -!- mode/#reddit-tennis [+o thebogbog] by ChanServ
[esper:#reddit-tennis] <thebogbog> wow
[esper:#reddit-tennis] <thebogbog> who wants to get BANNED
[esper:#reddit-tennis] <stevejhgla> me
[esper:#reddit-tennis] -!- mode/#reddit-tennis [-o thebogbog] by ChanServ
[esper:#reddit-tennis] <areascontrol> i'd like to go to savannah some day
[esper:#reddit-tennis] <stevejhgla> go tomorrow
[esper:#reddit-tennis] <thebogbog> me2
[esper:#reddit-tennis] <areascontrol> i'm busy that day
[esper:#reddit-tennis] <stevejhgla> o
[esper:#reddit-tennis] <areascontrol> also, if i was gonna buy a plane ticket tomorrow, it'd be to somewhere tropical again
[esper:#reddit-tennis] <stevejhgla> .wea savannah
[esper:#reddit-tennis] <areascontrol> yesterday was so fucking damp and cold
[esper:#reddit-tennis] <ServeBot> (stevejhgla) Savannah, GA - Current: Clear, 71.2F/21.8C, 56%, Wind: 1.1MPH/1.8KPH ESE, Today: Clear, High: 80F/27C, Low: 57F/14C. Tomorrow: Clear, High: 81F/27C, Low: 59F/15C - https://is.gd/t7WgLA
[esper:#reddit-tennis] <hoglahoo> bog having this power reminds me of that scene in lord of the rings where the fairy angel looking chick is offered the magic ring and she goes all dark and scary for a minute
[esper:#reddit-tennis] <areascontrol> made me ache all over
[esper:#reddit-tennis] <stevejhgla> that's pretty tropical
[esper:#reddit-tennis] <areascontrol> no beach!
[esper:#reddit-tennis] <stevejhgla> .gis savannah beach
[esper:#reddit-tennis] <ServeBot> (stevejhgla) http://www.barbadosallinclusive.co/wp-content/uploads/2014/01/Savannah-Beach-Hotel-Beach-2.jpg
[esper:#reddit-tennis] <stevejhgla> def not savannah
[esper:#reddit-tennis] <hoglahoo> lol
[esper:#reddit-tennis] <ServeBot> ・ ​ ゜゜・。。・゜゜\_​o< QUA​CK!
[esper:#reddit-tennis] <thebogbog> .bef
[esper:#reddit-tennis] <ServeBot> thebogbog you befriended a duck in 4.575 seconds! You have made friends with 556 ducks in #reddit-tennis.
[esper:#reddit-tennis] <stevejhgla> rip gael
[esper:#reddit-tennis] <stevejhgla> basic serving for match on new balls
[esper:#reddit-tennis] <hoglahoo> is basic the server's name
[esper:#reddit-tennis] <stevejhgla> .tennis basic
[esper:#reddit-tennis] <ServeBot> (stevejhgla) ATP Munich: BMW Open (Munich, Germany): | Round of 32: 03Mirza Basic vs. (7)Gael Monfils: 6-2, 3-6, 5-3
[esper:#reddit-tennis] <hoglahoo> ok
[esper:#reddit-tennis] <hoglahoo> in my mind that was a 50/50
[esper:#reddit-tennis] <areascontrol> oh man
[esper:#reddit-tennis] <areascontrol> dustin brown just had to retire and is crying :(
[esper:#reddit-tennis] <thebogbog> aw :(
[esper:#reddit-tennis] <thebogbog> .tennis brown
[esper:#reddit-tennis] <ServeBot> (thebogbog) ATP Munich: BMW Open (Munich, Germany): | Round of 32: 03Maximilian Marterer vs. (Q)Dustin Brown: 5-6
[esper:#reddit-tennis] <stevejhgla> :(
[esper:#reddit-tennis] <stevejhgla> poor dreddy
[esper:#reddit-tennis] <thebogbog> damnn
[esper:#reddit-tennis] <thebogbog> wasn't losing
[esper:#reddit-tennis] <thebogbog> didn't this same thing happen to him not that long ago
[esper:#reddit-tennis] <areascontrol> yeah
[esper:#reddit-tennis] <areascontrol> higher stakes match/ tourney iirc
[esper:#reddit-tennis] <blekginger> i blame lufthansa for gael's loss
[esper:#reddit-tennis] <thebogbog> gsm stinky
[esper:#reddit-tennis] <stevejhgla> o nice cam norrie v haase
[esper:#reddit-tennis] <blekginger> ya
[esper:#reddit-tennis] <stevejhgla> but also evan king
[esper:#reddit-tennis] <stevejhgla> .seen kingoftrex
[esper:#reddit-tennis] <ServeBot> (stevejhgla) kingoftrex was last seen 18 hours and 17 seconds ago saying: .urban clock
[esper:#reddit-tennis] -!- ovah [uid287704@gateway/web/irccloud.com/x-huwboptdodvnaycl] has joined
[esper:#reddit-tennis] <ovah> So apparently
[esper:#reddit-tennis] <thebogbog> .taco botbot_the
[esper:#reddit-tennis] * ServeBot hands botbot_the a perfect puffy taco filled with various meats and topped with cheese, lettuce and salsa!
[esper:#reddit-tennis] <stevejhgla> o snap
[esper:#reddit-tennis] <ovah> Tgat avicii commited  died from seld inflicted woulds
[esper:#reddit-tennis] <stevejhgla> shots fired
[esper:#reddit-tennis] <ovah> ☹
[esper:#reddit-tennis] <thebogbog> oof, bad juxtaposition there
[esper:#reddit-tennis] <hoglahoo> meateater-shaming
[esper:#reddit-tennis] <areascontrol> gun, ovah ?
[esper:#reddit-tennis] <thebogbog> is that really shaming
[esper:#reddit-tennis] <thebogbog> or just a factual statement of preference
[esper:#reddit-tennis] <ovah> Cut himself
[esper:#reddit-tennis] <areascontrol> ugh
[esper:#reddit-tennis] <hoglahoo> it's a factual statement of preference with dramatic shame-inducing descriptive
[esper:#reddit-tennis] <stevejhgla> used a broken wine bottle
[esper:#reddit-tennis] <blekginger> can we not
[esper:#reddit-tennis] <stevejhgla> it's only shame inducing if you let it be
[esper:#reddit-tennis] <areascontrol> blekginger: is it true that children get to name the commuter trains in stockholm?
[esper:#reddit-tennis] <blekginger> get details
[esper:#reddit-tennis] <areascontrol> jesus, stevejhgla really?
[esper:#reddit-tennis] <hoglahoo> .yt let it be
[esper:#reddit-tennis] <ServeBot> (hoglahoo) Beatles - Let It Be [1970] - length 3m 55s - 62,248 likes, 2,308 dislikes (96.4%) - 12,030,715 views - GMV Music on 2017.06.30 - http://youtu.be/2xDzVZcqtYI
[esper:#reddit-tennis] <ovah> Says broken glass
[esper:#reddit-tennis] <blekginger> not sure areas but wouldnt surprise me
[esper:#reddit-tennis] <areascontrol> how awful for whoever found him :(
[esper:#reddit-tennis] <stevejhgla> yea areas
[esper:#reddit-tennis] <ovah> Cut himself with broken glass 
[esper:#reddit-tennis] <thebogbog> idk how to describe it less dramatically
[esper:#reddit-tennis] <mcbot> need more banana chips in the beginning
[esper:#reddit-tennis] <thebogbog> thx i will try that next time
[esper:#reddit-tennis] -!- blekginger [~Gunnar@unaffiliated/blekginger] has left ("Clear eyes, full hearts!")
[esper:#reddit-tennis] <hoglahoo> lol
[esper:#reddit-tennis] <ovah> Yes areas
[esper:#reddit-tennis] <stevejhgla> that is sad
[esper:#reddit-tennis] <thebogbog> .taco botbot_the
[esper:#reddit-tennis] * ServeBot hands botbot_the a boring hard-shell taco filled with steak and topped with scallions, lettuce and capsicum!
[esper:#reddit-tennis] * hoglahoo chuckles
[esper:#reddit-tennis] <hoglahoo> .pizza botbot_the
[esper:#reddit-tennis] * ServeBot sends botbot_the some leftovers of New York style Supreme pizza with some Gorgonzola cheese.
[esper:#reddit-tennis] <hoglahoo> lmao
[esper:#reddit-tennis] <hoglahoo> ban this bot
[esper:#reddit-tennis] <stevejhgla> ban the truth
[esper:#reddit-tennis] <hoglahoo> vegan propaganda
[esper:#reddit-tennis] <stevejhgla> .define propoganda
[esper:#reddit-tennis] <ServeBot> (stevejhgla) propoganda: Common misspelling of propaganda. - https://is.gd/pHLu0M (Wiktionary/Wordnik)
[esper:#reddit-tennis] <stevejhgla> lmfao
[esper:#reddit-tennis] <hoglahoo> haha
[esper:#reddit-tennis] <stevejhgla> fuck you too servebot
[esper:#reddit-tennis] <stevejhgla> .define propaganda
[esper:#reddit-tennis] <ServeBot> (stevejhgla) propaganda: The systematic propagation of a doctrine or cause or of information reflecting the views and interests of those advocating such a doctrine or cause. - https://is.gd/sG8cdr (AHD/Wordnik)
[esper:#reddit-tennis] <stevejhgla> that sounds like meat/dairy industry if i'm not mistaken
[esper:#reddit-tennis] <hoglahoo> thank you for confirming my description as accurate, ServeBot
[esper:#reddit-tennis] <hoglahoo> sounds like a lot of things, including this bot!
[esper:#reddit-tennis] <stevejhgla> TIL hoglahoo is a bot
[esper:#reddit-tennis] <thebogbog> there is so much pro-meat propaganda in this world, i don't think it will hurt anyone to have some vegan propro
[esper:#reddit-tennis] <thebogbog> double meaning INTENDED
[esper:#reddit-tennis] <stevejhgla> o wow
[esper:#reddit-tennis] <stevejhgla> so deep
[esper:#reddit-tennis] <thebogbog> anyway
[esper:#reddit-tennis] <thebogbog> all you have to do
[esper:#reddit-tennis] <thebogbog> is not feed non vegan foods to the bot
[esper:#reddit-tennis] <thebogbog> you started it tbh
[esper:#reddit-tennis] <hoglahoo> .yt daffy duck of course you know this means war
[esper:#reddit-tennis] <ServeBot> (hoglahoo) Of course your realize, this means war! - length 4s - 429 likes, 3 dislikes (99.3%) - 83,652 views - hornyemuproductions on 2014.10.21 - http://youtu.be/4XNr-BQgpd0
[esper:#reddit-tennis] <stevejhgla> DUCK SEASON
[esper:#reddit-tennis] <stevejhgla> RABBIT SEASON
[esper:#reddit-tennis] <stevejhgla> DUCK SEASON
[esper:#reddit-tennis] <stevejhgla> .BANG
[esper:#reddit-tennis] <mcpro> wtf is going on
[esper:#reddit-tennis] -!- stevejhgla [uid235913@gateway/web/irccloud.com/x-waoojcwedfjwijuq] has joined
[esper:#reddit-tennis] -!- mode/#reddit-tennis [+v stevejhgla] by ChanServ
[esper:#reddit-tennis] <mcpro> im trying to make sense of this chat
[esper:#reddit-tennis] <mcpro> and i cannot
[esper:#reddit-tennis] <stevejhgla> keep trying
[esper:#reddit-tennis] <hoglahoo> mcpro: we have a serious lack of meat propaganda in this channel
[esper:#reddit-tennis] <hoglahoo> I intend to correct it
[esper:#reddit-tennis] <mcpro> hungry for bacon?
[esper:#reddit-tennis] <hoglahoo> but not today, because I'm tired due to eating meat all the time
[esper:#reddit-tennis] <stevejhgla> haha
[esper:#reddit-tennis] <mcpro> yeah that meat'll get you
[esper:#reddit-tennis] <thebogbog> again
[esper:#reddit-tennis] <thebogbog> just dont
[esper:#reddit-tennis] <thebogbog> feed meat to the bot
[esper:#reddit-tennis] <thebogbog> and nothing will happen :)
[esper:#reddit-tennis] <hoglahoo> .burger botbot_the
[esper:#reddit-tennis] <thebogbog> ty
[esper:#reddit-tennis] <hoglahoo> .define burger
[esper:#reddit-tennis] <ServeBot> (hoglahoo) burger: A sandwich consisting of a bun, a cooked beef patty, and often other ingredients such as cheese, onion slices, lettuce, or condiments. Often used in combination:  a cheeseburger.  - https://is.gd/kjUU2A (AHD/Wordnik)
[esper:#reddit-tennis] <thebogbog> i would eat that
[esper:#reddit-tennis] <thebogbog> i would eat it right up
[esper:#reddit-tennis] <hoglahoo> where's the cooked beef patty
[esper:#reddit-tennis] <stevejhgla> it's cooked VERY rare
[esper:#reddit-tennis] <thebogbog> keep looking, you'll find it in your heart
[esper:#reddit-tennis] <hoglahoo> lol
[esper:#reddit-tennis] <mcpro> with no bun
[esper:#reddit-tennis] <stevejhgla> and still on the cow
[esper:#reddit-tennis] <mcpro> WTF
[esper:#reddit-tennis] <mcpro> burgers without a bun arent burgers
[esper:#reddit-tennis] <stevejhgla> mcpro you have no dog in this fight
[esper:#reddit-tennis] <hoglahoo> also, mcpro, it's not a burger if there's no beef patty!
[esper:#reddit-tennis] -!- kingoftrex [~kingoftre@unaffiliated/kingoftrex] has joined
[esper:#reddit-tennis] -!- mode/#reddit-tennis [+v kingoftrex] by ChanServ
[esper:#reddit-tennis] <stevejhgla> you call chicken sandwiches chicken burgers
[esper:#reddit-tennis] * hoglahoo hands mcpro a hot dog
[esper:#reddit-tennis] <mcpro> its not about the dog in the fight but the fight in the dog steven
[esper:#reddit-tennis] <stevejhgla> the dog an have all the fight in the world but if he sin't in the fight then it doesn't matter
[esper:#reddit-tennis] <mcpro> you dont matter
[esper:#reddit-tennis] <mcpro> how about that
[esper:#reddit-tennis] <kingoftrex> !quote stevejhgla 
[esper:#reddit-tennis] <mcbot> i think that's the definition of American
[esper:#reddit-tennis] <hoglahoo> haha
[esper:#reddit-tennis] <kingoftrex> what is
[esper:#reddit-tennis] <stevejhgla> !quote kingoftrex 
[esper:#reddit-tennis] <mcbot> not the first bounce
[esper:#reddit-tennis] <stevejhgla> i'm gonna mulligan that one
[esper:#reddit-tennis] <stevejhgla> it sucked
[esper:#reddit-tennis] <stevejhgla> !quote kingoftrex 
[esper:#reddit-tennis] <mcbot> if you break them you can learn and stop being an expert on impure motives huh
[esper:#reddit-tennis] <hoglahoo> !quote botbot_the
[esper:#reddit-tennis] <stevejhgla> .seen botbot_the 
[esper:#reddit-tennis] <ServeBot> (stevejhgla) botbot_the was last seen 2 minutes and 40 seconds ago: * botbot_the hands botbot_the an excellent low-carb quarter pound beet burger with no bun topped with cucumbers, grilled onions and gochujang aioli!
[esper:#reddit-tennis] <mcpro> mmmmmmmmm aioli
[esper:#reddit-tennis] <kingoftrex> !quote mcpro 
[esper:#reddit-tennis] <mcbot> Can someone give me a bunch of times
[esper:#reddit-tennis] <kingoftrex> ok
[esper:#reddit-tennis] <kingoftrex> 1 pm
[esper:#reddit-tennis] <hoglahoo> 3x4=12
[esper:#reddit-tennis] <stevejhgla> 2:27am
[esper:#reddit-tennis] <hoglahoo> the jurassic
[esper:#reddit-tennis] <mcpro> 13:37
[esper:#reddit-tennis] <stevejhgla> thymus vulgaris
[esper:#reddit-tennis] -!- acemon [uid40189@gateway/web/irccloud.com/x-eggibxuxuosfohlg] has joined
[esper:#reddit-tennis] <stevejhgla> https://timedotcom.files.wordpress.com/2016/12/cover-final.jpg?quality=85&w=840
[esper:#reddit-tennis] <hoglahoo> .gis nyt
[esper:#reddit-tennis] <ServeBot> (hoglahoo) https://www.arab-news.biz/wp-content/uploads/2018/04/f78f8e2d79164e89922c5ef72328f632_18-990x556.jpg
[esper:#reddit-tennis] <ServeBot> ・゜゜ ​ ・。。・゜゜\​_o< FLAP FLAP​!
[esper:#reddit-tennis] <stevejhgla> .bang
[esper:#reddit-tennis] <ServeBot> (stevejhgla) WTF!? Who are you Dick Cheney? You can try again in 7 seconds.
[esper:#reddit-tennis] <hoglahoo> stop trying to kill animals
[esper:#reddit-tennis] <stevejhgla> .bang
[esper:#reddit-tennis] <ServeBot> stevejhgla you shot a duck in 14.707 seconds! You have killed 1017 ducks in #reddit-tennis.
[esper:#reddit-tennis] <stevejhgla> ditto m8
[esper:#reddit-tennis] <hoglahoo> "You have killed 1017 ducks"
[esper:#reddit-tennis] <hoglahoo> smh
[esper:#reddit-tennis] * hoglahoo has never killed a duck on purpose
[esper:#reddit-tennis] <mcpro> WTF
[esper:#reddit-tennis] <mcpro> thats not true is it
[esper:#reddit-tennis] <hoglahoo> it's true - he has killed over a thousand ducks
[esper:#reddit-tennis] <mcpro> jeez
[esper:#reddit-tennis] <mcpro> log out once in a while steve
[esper:#reddit-tennis] <mcpro> .killers
[esper:#reddit-tennis] <ServeBot> (mcpro) Duck killer scores in #reddit-tennis: s​tevejhgla: 1017 • k​orvus: 824 • j​ibbles27: 371 • r​eblochon: 200 • m​efistofeles: 150 • m​ero: 144 • a​bortion: 126 • m​cpro: 119 • a​reascontrol: 118 • b​lekginger: 103 • a​cedogg: 100 • s​nacilep: 89 • w​yoming420: 74 • s​olen: 68...
[esper:#reddit-tennis] <mcpro> .friends
[esper:#reddit-tennis] <ServeBot> (mcpro) Duck friend scores in #reddit-tennis: v​aanir: 10001 • s​tevejhgla: 1384 • b​lekginger: 756 • t​hebogbog: 556 • m​ero: 323 • o​vah: 181 • f​rosty: 172 • k​ingoftrex: 148 • a​bortion: 126 • e​lpogo: 110 • m​erokoyui: 102 • s​olen: 97 • b​ananabanana: 79 • s​tonelore: 63 • a​lecksi: 62...
[esper:#reddit-tennis] <mcpro> yeesh korvus too
[esper:#reddit-tennis] <mcpro> lol solen
[esper:#reddit-tennis] -!- botbot_the [~cloudbot@96-83-120-66-static.hfc.comcastbusiness.net] has joined
[esper:#reddit-tennis] <hoglahoo> noise canceling headphones
[esper:#reddit-tennis] <Cosmicjoker> .imdb catsoup
[esper:#reddit-tennis] <thebogbog> "this cat meows too much so i'm giving her back 5 years later"
[esper:#reddit-tennis] <ServeBot> (Cosmicjoker) Cat Soup (2001) (Animation, Short, Comedy, Fantasy): A young anthropomorphic cat goes on a psychedelic journey with his sister in order to save her soul. 34min. 7.7/10 with 3806 votes. http://www.imdb.com/title/tt0385586
[esper:#reddit-tennis] <bananabanana> but hazel is so fat she's so adorable
[esper:#reddit-tennis] <kingoftrex> maybe thats what shes going for
[esper:#reddit-tennis] <kingoftrex> i think it mostly boils down to her lack of exercise
[esper:#reddit-tennis] <kingoftrex> i'm setting a bad example
[esper:#reddit-tennis] <thebogbog> she is definitely cute-fat
[esper:#reddit-tennis] <thebogbog> not sad-fat
[esper:#reddit-tennis] <areascontrol> lol just saw your fat cat, kingoftrex 
[esper:#reddit-tennis] <mcbot> and sending a protest got attached to a vegetarian restaurant for my game holds up
[esper:#reddit-tennis] <hoglahoo> maybe she'll start being more energetic if you get a dog
[esper:#reddit-tennis] <areascontrol> #noshame
[esper:#reddit-tennis] <Cosmicjoker> give her some acid and mandy
[esper:#reddit-tennis] <hoglahoo> heh
[esper:#reddit-tennis] <Cosmicjoker> turn her into a crack cat
[esper:#reddit-tennis] <kingoftrex> she has realized that she cant jump anymore so she just doesnt lol
[esper:#reddit-tennis] <areascontrol> here is upside down arthur again:  https://usercontent.irccloud-cdn.com/file/ZcgikulX/IMG_2571.jpg
[esper:#reddit-tennis] <kingoftrex> used to be able to climb my fridge
[esper:#reddit-tennis] <Cosmicjoker> lol poor thing
[esper:#reddit-tennis] <kingoftrex> arthur is very cute
[esper:#reddit-tennis] <hoglahoo> arthur looks like a light snack compared to hazel
[esper:#reddit-tennis] <hoglahoo> very slim
[esper:#reddit-tennis] <Cosmicjoker> lean meat
[esper:#reddit-tennis] <hoglahoo> looks like he's wearing a suit
[esper:#reddit-tennis] <Cosmicjoker> trained killer
[esper:#reddit-tennis] <hoglahoo> lean mean fighting machine
[esper:#reddit-tennis] <Cosmicjoker> hazel is more of a bouncer
[esper:#reddit-tennis] <hoglahoo> lol
[esper:#reddit-tennis] <areascontrol> he's young yet
[esper:#reddit-tennis] <blekginger> .tennis king
[esper:#reddit-tennis] <ServeBot> (blekginger) 2018 Savannah Challenger (Men's Singles) (Savannah, United States): | Round of 32: (Q)Karue Sell d. (8)Evan King: 6-2, 6-1
[esper:#reddit-tennis] <ServeBot> 2018 Puerto Vallerta Challenger (Men's Singles) (Puerto Vallarta, Mexico): | Round of 32: (3)Kevin King d. Nicolaas Scholtz: 6-3, 6-1
[esper:#reddit-tennis] <kingoftrex> fuck
[esper:#reddit-tennis] <areascontrol> but i think he'd get fat if we let him since he never goes out
[esper:#reddit-tennis] <kingoftrex> kevin won
[esper:#reddit-tennis] <hoglahoo> .liverank hazel
[esper:#reddit-tennis] <hoglahoo> .liverank wta hazel
[esper:#reddit-tennis] <hoglahoo> .liverank atp arthur
[esper:#reddit-tennis] <blekginger> .liverank wta burger
[esper:#reddit-tennis] <stevejhgla> .liverank atp luke
[esper:#reddit-tennis] <stevejhgla> .liverank wta nora
[esper:#reddit-tennis] <hoglahoo> nora / naro
[esper:#reddit-tennis] <stevejhgla> ya
[esper:#reddit-tennis] <kingoftrex> .liverank atp norrie
[esper:#reddit-tennis] <hoglahoo> gelp
[esper:#reddit-tennis] <hoglahoo> gulp
[esper:#reddit-tennis] -!- reblochon [uid94493@gateway/web/irccloud.com/x-enggrnmonpkbxzgb] has joined
[esper:#reddit-tennis] -!- mode/#reddit-tennis [+v reblochon] by ChanServ
[esper:#reddit-tennis] <stevejhgla> .seen reblochon 
[esper:#reddit-tennis] <ServeBot> (stevejhgla) reblochon was last seen 1 day and 21 hours ago: * reblochon hugs ovah
[esper:#reddit-tennis] <stevejhgla> !quote reblochon 
[esper:#reddit-tennis] <mcbot> gilou v big K reached that level 2 matches in 5 sets and 25 bp not converted
[esper:#reddit-tennis] <reblochon> !quote stevejhgla
[esper:#reddit-tennis] <mcbot> thebogbog and I feel like dawdle should actually be 58 and we’d never know
[esper:#reddit-tennis] <stevejhgla> .wa age dawdle
[esper:#reddit-tennis] <ServeBot> (stevejhgla) No results.
[esper:#reddit-tennis] <thebogbog> .wiki dawdle
[esper:#reddit-tennis] <ServeBot> (thebogbog) Dawley is a small town in the borough of Telford and Wrekin and ceremonial county of Shropshire, England. :: https://en.wikipedia.org/wiki/Dawley
[esper:#reddit-tennis] <thebogbog> shropshire eh
[esper:#reddit-tennis] <thebogbog> ok
[esper:#reddit-tennis] <thebogbog> so this is basically the north dakota of england
[esper:#reddit-tennis] <stevejhgla> https://assets.snaptrip.com/assets/home/landing_pages/River-Severn,-Ironbridge,-Shropshire-af4512ed3b8028f11f10e2aa4908054cc703e3c0c696b2a0a1a51ac84865599a.jpg
[esper:#reddit-tennis] <thebogbog> TIL there's a place called the Shropshire Hills Area of Natural Beauty
[esper:#reddit-tennis] <stevejhgla> shropshire is beautiful
[esper:#reddit-tennis] <thebogbog> ya
[esper:#reddit-tennis] <thebogbog> that's real nice
[esper:#reddit-tennis] <thebogbog> .gis shropshire AONB
[esper:#reddit-tennis] <ServeBot> (thebogbog) http://englandexplore.com/wp-content/uploads/5637563480_33316618d3_b_Shropshire-Hills-AONB.jpg
[esper:#reddit-tennis] <stevejhgla> .gis shropshire cottages
[esper:#reddit-tennis] <ServeBot> (stevejhgla) http://www.hoseasons.co.uk/images/ProductImages/UKCottagesV3/E2835-SHR_01.jpg
[esper:#reddit-tennis] <thebogbog> i wonder how many days the photographer had to sit there waiting for the sun to come out
[esper:#reddit-tennis] <stevejhgla> all of them
[esper:#reddit-tennis] <thebogbog> it was sunny when i was in norfolk in december
[esper:#reddit-tennis] <thebogbog> and everyone was saying how weird it was
[esper:#reddit-tennis] <thebogbog> "this is such a nice day" (34 and cloudy)
[esper:#reddit-tennis] <stevejhgla> .gis norfolk in december
[esper:#reddit-tennis] <ServeBot> (stevejhgla) http://3.bp.blogspot.com/-L4Oc76r3lC8/TvNYMYDUiwI/AAAAAAAAKD4/jwCNufbtaIk/s1600/Norfolk-dip13.jpg
[esper:#reddit-tennis] <stevejhgla> looks great
[esper:#reddit-tennis] <stevejhgla> what a nice day
[esper:#reddit-tennis] <thebogbog> it was very pretty
[esper:#reddit-tennis] <stevejhgla> .gis norfolk island pine
[esper:#reddit-tennis] <ServeBot> (stevejhgla) https://mobileimages.lowes.com/product/converted/091561/091561300609.jpg
[esper:#reddit-tennis] <stevejhgla> goat tree
[esper:#reddit-tennis] <stevejhgla> tallest tree in cayman i think
[esper:#reddit-tennis] <thebogbog> ...is that real?
[esper:#reddit-tennis] <stevejhgla> is one of those
[esper:#reddit-tennis] <stevejhgla> yeah
[esper:#reddit-tennis] <stevejhgla> endemic to norfolk island
[esper:#reddit-tennis] <stevejhgla> in the pacific
[esper:#reddit-tennis] <stevejhgla> it's too soft to use a boat building though
[esper:#reddit-tennis] <stevejhgla> which made norfolk island not very suitable for habitation back in the day
[esper:#reddit-tennis] <areascontrol> i killed a gorgeous one of those
[esper:#reddit-tennis] <stevejhgla> MURDERER
[esper:#reddit-tennis] <areascontrol> someone on craigs was giving it away bc it got too tall for their house
[esper:#reddit-tennis] <areascontrol> i've done okay w. them in the past
[esper:#reddit-tennis] <areascontrol> but in the past i didn't have a woodstove
[esper:#reddit-tennis] <stevejhgla> have they heard of something called
[esper:#reddit-tennis] <stevejhgla> "outside'
[esper:#reddit-tennis] <areascontrol> it was glorious 
[esper:#reddit-tennis] <areascontrol> they don't survive outside up here!
[esper:#reddit-tennis] <stevejhgla> fair point
[esper:#reddit-tennis] <hoglahoo> it was 100% an inside tree
[esper:#reddit-tennis] <stevejhgla> lol
[esper:#reddit-tennis] <ServeBot> ・゜゜・ ​ 。。・゜゜\_ó​< QUACK​!
[esper:#reddit-tennis] <areascontrol> dropped dead in a matter of weeks :(
[esper:#reddit-tennis] <stevejhgla> .bang
[esper:#reddit-tennis] <ServeBot> (stevejhgla) WTF!? Who are you Dick Cheney? You can try again in 7 seconds.
[esper:#reddit-tennis] <bananabanana> .bef
[esper:#reddit-tennis] <ServeBot> (bananabanana) The duck didn't want to be friends, maybe next time. You can try again in 7 seconds.
[esper:#reddit-tennis] <hoglahoo> haha
[esper:#reddit-tennis] <stevejhgla> s/tall/fat
[esper:#reddit-tennis] <ServeBot> Correction, <areascontrol> someone on craigs was giving it away bc it got too fat for their house
[esper:#reddit-tennis] <hoglahoo> .bef
[esper:#reddit-tennis] <ServeBot> hoglahoo you befriended a duck in 8.291 seconds! You have made friends with 24 ducks in #reddit-tennis.
[esper:#reddit-tennis] <areascontrol> i felt so badly bc the original owners loved it so much and were sad to see it go
[esper:#reddit-tennis] <stevejhgla> s/go/grow
[esper:#reddit-tennis] <ServeBot> Correction, <areascontrol> i felt so badly bc the original owners loved it so much and were sad to see it grow
[esper:#reddit-tennis] <areascontrol> they thought they gave it to a good home :(
[esper:#reddit-tennis] * areascontrol is a failure
[esper:#reddit-tennis] <hoglahoo> .gis hazelnut tree
[esper:#reddit-tennis] <ServeBot> (hoglahoo) http://static.panoramio.com/photos/large/22671677.jpg
[esper:#reddit-tennis] <stevejhgla> underwhelming image
[esper:#reddit-tennis] <hoglahoo> .gis hazelnut
[esper:#reddit-tennis] <ServeBot> (hoglahoo) http://www.howmanyarethere.net/wp-content/uploads/2014/01/13558140-hazelnuts-with-young-hazelnut-leaf-on-white.jpg
[esper:#reddit-tennis] <areascontrol> do you have one, hoglahoo ?
[esper:#reddit-tennis] <hoglahoo> no
[esper:#reddit-tennis] <hoglahoo> kingoftrex has a fat hazel though
[esper:#reddit-tennis] <areascontrol> i have one that's infertile
[esper:#reddit-tennis] <areascontrol> .gis harry lauder's walking stick
[esper:#reddit-tennis] <ServeBot> (areascontrol) http://www.thegardenhelper.com/psd/corylus_avellana.jpg
[esper:#reddit-tennis] <hoglahoo> spayed?
[esper:#reddit-tennis] <areascontrol> graft from a mutant in UK
[esper:#reddit-tennis] <hoglahoo> hmm
[esper:#reddit-tennis] <areascontrol> got it bc it looks awesome in the snow
[esper:#reddit-tennis] <hoglahoo> yeah I bet
[esper:#reddit-tennis] <areascontrol> i mean, mine's not grafted directly from the original
[esper:#reddit-tennis] <hoglahoo> looks like an old man
[esper:#reddit-tennis] <areascontrol> that started a long time ago
[esper:#reddit-tennis] <areascontrol> .g harry lauder
[esper:#reddit-tennis] <ServeBot> (areascontrol) https://en.m.wikipedia.org/wiki/Harry_Lauder -- Biography Early life. Lauder was born on 4 August 1870 in his maternal grandfather's house in Portobello,…
[esper:#reddit-tennis] <areascontrol> it's named for him bc he used a curvy walking stick
[esper:#reddit-tennis] <Cosmicjoker> blekginger, https://gyazo.com/a79897977e85df2d76780088a86f52af
[esper:#reddit-tennis] <ServeBot> Title: Screenshot - a79897977e85df2d76780088a86f52af - Gyazo
[esper:#reddit-tennis] <Cosmicjoker> Vaanir, ^
[esper:#reddit-tennis] <areascontrol> The Corkscrew Hazel ornamental cultivar of common hazel (Corylus avellana) is sometimes known as Harry Lauder's Walking Stick, in reference to the crooked walking stick Lauder often carried.
[esper:#reddit-tennis] <areascontrol> i love plants w. cool stories
[esper:#reddit-tennis] <blekginger> lol what
[esper:#reddit-tennis] <blekginger> do they differ cosmic
[esper:#reddit-tennis] <Cosmicjoker> lol dont think so
[esper:#reddit-tennis] <hoglahoo> ironic that stories are often printed on trees
[esper:#reddit-tennis] <hoglahoo> plants*
[esper:#reddit-tennis] <Vaanir> ?stream
[esper:#reddit-tennis] <ServeBot> tinyurl.com/streamforalltennismatches
[esper:#reddit-tennis] <Cosmicjoker> game started so i dont wanna change
[esper:#reddit-tennis] -!- acemon [uid40189@gateway/web/irccloud.com/x-pxrtffgrigrcebhu] has joined
[esper:#reddit-tennis] <ServeBot> ・゜゜・ ​ 。。・゜゜\_​ö< Q​UACK!
[esper:#reddit-tennis] <bananabanana> .bef
[esper:#reddit-tennis] <ServeBot> bananabanana you befriended a duck in 6.793 seconds! You have made friends with 83 ducks in #reddit-tennis.
[esper:#reddit-tennis] -!- Ozzyboshi [~quassel@ip-49-176.sn1.clouditalia.com] has joined
[esper:#reddit-tennis] <jibbles27_> .bang
[esper:#reddit-tennis] -!- jibbles27_ [~default@c-71-229-244-81.hsd1.co.comcast.net] has joined
