[esper:*] -orwell.freenode.net- *** Looking up your hostname...
[esper:*] -orwell.freenode.net- *** Checking Ident
[esper:*] -orwell.freenode.net- *** Couldn't look up your hostname
[esper:*] -orwell.freenode.net- *** No Ident response
[esper:*] -orwell.freenode.net- *** Looking up your hostname...
[esper:*] -orwell.freenode.net- *** Checking Ident
[esper:*] -orwell.freenode.net- *** Couldn't look up your hostname
[esper:*] -orwell.freenode.net- *** No Ident response
[esper:*] -cherryh.freenode.net- *** Looking up your hostname...
[esper:*] -cherryh.freenode.net- *** Checking Ident
[esper:*] -cherryh.freenode.net- *** Couldn't look up your hostname
[esper:*] -cherryh.freenode.net- *** No Ident response
[esper:*] -orwell.freenode.net- *** Looking up your hostname...
[esper:*] -orwell.freenode.net- *** Checking Ident
[esper:*] -orwell.freenode.net- *** No Ident response
[esper:*] -orwell.freenode.net- *** Couldn't look up your hostname
[esper:*] -card.freenode.net- *** Looking up your hostname...
[esper:*] -card.freenode.net- *** Checking Ident
[esper:*] -card.freenode.net- *** No Ident response
[esper:*] -card.freenode.net- *** Couldn't look up your hostname
[esper:*] -cherryh.freenode.net- *** Looking up your hostname...
[esper:*] -cherryh.freenode.net- *** Checking Ident
[esper:*] -cherryh.freenode.net- *** No Ident response
[esper:*] -cherryh.freenode.net- *** Couldn't look up your hostname
