[esper:*] -karatkievich.freenode.net- *** Looking up your hostname...
[esper:*] -karatkievich.freenode.net- *** Checking Ident
[esper:*] -karatkievich.freenode.net- *** Found your hostname
[esper:*] -karatkievich.freenode.net- *** No Ident response
[esper:*] -livingstone.freenode.net- *** Looking up your hostname...
[esper:*] -livingstone.freenode.net- *** Checking Ident
[esper:*] -livingstone.freenode.net- *** Found your hostname
[esper:*] -livingstone.freenode.net- *** No Ident response
[esper:*] -karatkievich.freenode.net- *** Looking up your hostname...
[esper:*] -karatkievich.freenode.net- *** Checking Ident
[esper:*] -karatkievich.freenode.net- *** Found your hostname
[esper:*] -karatkievich.freenode.net- *** No Ident response
[esper:*] -card.freenode.net- *** Looking up your hostname...
[esper:*] -card.freenode.net- *** Checking Ident
[esper:*] -card.freenode.net- *** Found your hostname
[esper:*] -card.freenode.net- *** No Ident response
[esper:*] -cherryh.freenode.net- *** Looking up your hostname...
[esper:*] -cherryh.freenode.net- *** Checking Ident
[esper:*] -cherryh.freenode.net- *** Found your hostname
[esper:*] -cherryh.freenode.net- *** No Ident response
[esper:*] -barjavel.freenode.net- *** Looking up your hostname...
[esper:*] -barjavel.freenode.net- *** Checking Ident
[esper:*] -barjavel.freenode.net- *** Found your hostname
[esper:*] -barjavel.freenode.net- *** No Ident response
[esper:*] -card.freenode.net- *** Looking up your hostname...
[esper:*] -card.freenode.net- *** Checking Ident
[esper:*] -card.freenode.net- *** Found your hostname
[esper:*] -card.freenode.net- *** No Ident response
[esper:*] -livingstone.freenode.net- *** Looking up your hostname...
[esper:*] -livingstone.freenode.net- *** Checking Ident
[esper:*] -livingstone.freenode.net- *** Found your hostname
[esper:*] -livingstone.freenode.net- *** No Ident response
[esper:*] -moon.freenode.net- *** Looking up your hostname...
[esper:*] -moon.freenode.net- *** Checking Ident
[esper:*] -moon.freenode.net- *** Found your hostname
[esper:*] -moon.freenode.net- *** No Ident response
[esper:*] -verne.freenode.net- *** Looking up your hostname...
[esper:*] -verne.freenode.net- *** Checking Ident
[esper:*] -verne.freenode.net- *** Found your hostname
[esper:*] -verne.freenode.net- *** No Ident response
[esper:*] -orwell.freenode.net- *** Looking up your hostname...
[esper:*] -orwell.freenode.net- *** Checking Ident
[esper:*] -orwell.freenode.net- *** Found your hostname
[esper:*] -orwell.freenode.net- *** No Ident response
[esper:*] -cherryh.freenode.net- *** Looking up your hostname...
[esper:*] -cherryh.freenode.net- *** Checking Ident
[esper:*] -cherryh.freenode.net- *** Found your hostname
[esper:*] -cherryh.freenode.net- *** No Ident response
[esper:*] -verne.freenode.net- *** Looking up your hostname...
[esper:*] -verne.freenode.net- *** Checking Ident
[esper:*] -verne.freenode.net- *** Found your hostname
[esper:*] -verne.freenode.net- *** No Ident response
