[esper:*] -barjavel.freenode.net- *** Looking up your hostname...
[esper:*] -barjavel.freenode.net- *** Checking Ident
[esper:*] -barjavel.freenode.net- *** Found your hostname
[esper:*] -barjavel.freenode.net- *** No Ident response
[esper:*] -hobana.freenode.net- *** Looking up your hostname...
[esper:*] -hobana.freenode.net- *** Checking Ident
[esper:*] -hobana.freenode.net- *** Found your hostname
[esper:*] -hobana.freenode.net- *** No Ident response
[esper:*] -hitchcock.freenode.net- *** Looking up your hostname...
[esper:*] -hitchcock.freenode.net- *** Checking Ident
[esper:*] -hitchcock.freenode.net- *** Found your hostname
[esper:*] -hitchcock.freenode.net- *** No Ident response
[esper:*] -verne.freenode.net- *** Looking up your hostname...
[esper:*] -verne.freenode.net- *** Checking Ident
[esper:*] -verne.freenode.net- *** Couldn't look up your hostname
[esper:*] -verne.freenode.net- *** No Ident response
[esper:*] -orwell.freenode.net- *** Looking up your hostname...
[esper:*] -orwell.freenode.net- *** Checking Ident
[esper:*] -orwell.freenode.net- *** Couldn't look up your hostname
[esper:*] -orwell.freenode.net- *** No Ident response
