[esper:#reddit-tennis] -!- botbot_the [~cloudbot@96-83-120-66-static.hfc.comcastbusiness.net] has joined
[esper:#reddit-tennis] <jussylam> bananabanana where are you from '
[esper:#reddit-tennis] <bananabanana> long island ny
[esper:#reddit-tennis] <jussylam> ah that's pretty dopee bananabanana 
[esper:#reddit-tennis] <bananabanana> where in Australia you at? 
[esper:#reddit-tennis] <jussylam> syd 
[esper:#reddit-tennis] <jussylam> i feel like i'm the only aussie guy here ;p 
[esper:#reddit-tennis] <bananabanana> nice
[esper:#reddit-tennis] <thebogbog> maybe more of you are here but it's at opposite times of day from us
[esper:#reddit-tennis] <thebogbog> i'm pretty much sleeping the whole time australians are at work i think
[esper:#reddit-tennis] <jussylam> but we watched tennis together thebogbog 
[esper:#reddit-tennis] <jussylam> which was pretty cool 
[esper:#reddit-tennis] <thebogbog> ya while i was in sg gurl
[esper:#reddit-tennis] <areascontrol> jussylam: are you the person that got married in NZ?
[esper:#reddit-tennis] <merokoyui> lol no areas omg
[esper:#reddit-tennis] <jussylam> damn Laura retired
[esper:#reddit-tennis] <merokoyui> XD
[esper:#reddit-tennis] <merokoyui> i think that was languishanguish
[esper:#reddit-tennis] <merokoyui> something
[esper:#reddit-tennis] <areascontrol> ah yeah ty
[esper:#reddit-tennis] <areascontrol> old brain is old
[esper:#reddit-tennis] <merokoyui> jussy is a kid in uni
[esper:#reddit-tennis] <areascontrol> how come everyone knows jussylam but me?
[esper:#reddit-tennis] <merokoyui> like beansy
[esper:#reddit-tennis] <jussylam> if i changed my name to ham and cheese... will you guys notice me 
[esper:#reddit-tennis] <jussylam> please answer area's question merokoyui 
[esper:#reddit-tennis] <jussylam> thanks :) 
[esper:#reddit-tennis] <merokoyui> im not sure areas
[esper:#reddit-tennis] -!- mefistofeles [~mefistofe@unaffiliated/mefistofeles] has joined
[esper:#reddit-tennis] <merokoyui> maybe you didnt talk that much
[esper:#reddit-tennis] <merokoyui> jussylam is in and out cause he studies 
[esper:#reddit-tennis] -!- kingoftrex_ [~kingoftre@unaffiliated/kingoftrex] has joined
[esper:#reddit-tennis] -!- mode/#reddit-tennis [+v kingoftrex_] by ChanServ
[esper:#reddit-tennis] <merokoyui> most of the time
[esper:#reddit-tennis] <Vaanir> oh yeah LanguishAnguish
[esper:#reddit-tennis] <jussylam> most active time probs gonna be ao and world tour finals :) 
[esper:#reddit-tennis] <merokoyui> or was it AnguishLanguish
[esper:#reddit-tennis] <thebogbog> the latter
[esper:#reddit-tennis] <merokoyui> ok my brain mixed it up
[esper:#reddit-tennis] <merokoyui> thanks for the clarity bog
[esper:#reddit-tennis] <Vaanir> .seen *anguish
[esper:#reddit-tennis] <ServeBot> (Vaanir) I've never seen *anguish talking in this channel.
[esper:#reddit-tennis] <merokoyui> lol
[esper:#reddit-tennis] <Vaanir> probably predates the bot
[esper:#reddit-tennis] <merokoyui> i believe it's anguish
[esper:#reddit-tennis] -!- Ash- [~AshSky|NO@unaffiliated/ashskyno/x-3946560] has joined
[esper:#reddit-tennis] <Vaanir> aw >/home/znc/.znc/moddata/log/vaanir/freenode/#reddit-tennis/2016-06-17.log:[11:21:42] <AnguishLanguish> Vaanir: did i tell you that they think I have a  <redacted>?
[esper:#reddit-tennis] <merokoyui> awww
[esper:#reddit-tennis] <merokoyui> how was españa, Vaanir 
[esper:#reddit-tennis] <Vaanir> Still tired from it
[esper:#reddit-tennis] <merokoyui> awww
[esper:#reddit-tennis] <merokoyui> that was a quick trip no?
[esper:#reddit-tennis] * merokoyui fixes Vaanir's hair
[esper:#reddit-tennis] <Vaanir> Late nights..
[esper:#reddit-tennis] <merokoyui> ahaha
[esper:#reddit-tennis] <merokoyui> very u!
[esper:#reddit-tennis] <merokoyui> :P
[esper:#reddit-tennis] <mefistofeles> hola merokoyui 
[esper:#reddit-tennis] <merokoyui> hola mefistofeles 
[esper:#reddit-tennis] <Vaanir> And I got woken up half 7 the morning I got back
[esper:#reddit-tennis] <Vaanir> got back into my own bed at 4 ish
[esper:#reddit-tennis] <merokoyui> lol r/ekt
[esper:#reddit-tennis] <merokoyui> when u aging
[esper:#reddit-tennis] -!- mcpro [uid172794@gateway/web/irccloud.com/x-sgajbqwgvffkooxa] has joined
[esper:#reddit-tennis] -!- botbot_the [~cloudbot@96-83-120-66-static.hfc.comcastbusiness.net] has joined
[esper:#reddit-tennis] <kingoftrex> .tennis wta
[esper:#reddit-tennis] <ServeBot> (kingoftrex) WTA Rabat: Grand Prix De SAR La Princesse Lalla Meryem (Rabat, Morocco): | (Q)Paula Badosa vs. 03Polona Hercog: 3-3 | (Q)03Tamara Zidansek vs. (8)Su-Wei Hsieh: 7-6, 0-0 | (LL)Alexandra Dulgheru vs. (WC)Katarina Zavatska | Sara Errani d. Johanna Larsson: 6-3, 6-0 | Ajla Tomljanovic d. Kirsten Flipkens: 6-3, 6-2 | (7)Aleksandra Krunic d. Sara Sorribes: 6-3, 6-1 | Jana Fett d. (LL)Magdalena Frech: 6-2, 6-4 | (1)Elise 
[esper:#reddit-tennis] <ServeBot> WTA Prague: J&T Banka Prague Open (Prague, Czech Republic): | 03Kristyna Pliskova vs. Qiang Wang: 4-2 | (8)Katerina Siniakova d. Ekaterina Alexandrova: 6-4, 3-6, 6-3 | (2)Petra Kvitova d. Natalia Vikhlyantseva: 6-3, 6-1 | (7)Mihaela Buzarnescu d. (Q)Antonia Lottner: 6-0, 7-6 | Camila Giorgi d. (LL)Tamara Korpatsch: 6-4, 6-2 | (6)Shuai Zhang d. (Q)Gabriela Ruse: 6-4, 6-4 | Samantha Stosur d. Denisa Allertova: 6-4, 6-4 | (LL)Ja
[esper:#reddit-tennis] <Tennys_dude> is that the same grand prix that dates back to the pre open era tennis?
[esper:#reddit-tennis] <Tennys_dude> might be post open era too
[esper:#reddit-tennis] <Tennys_dude> i thought the men's tour had a grand prix at some point
[esper:#reddit-tennis] <Tennys_dude> i wonder if it's related
[esper:#reddit-tennis] <Tennys_dude> .yt R.E.M. losing my religion
[esper:#reddit-tennis] <ServeBot> (Tennys_dude) R.E.M. - Losing My Religion (Official Music Video) - length 4m 54s - 1,475,112 likes, 62,619 dislikes (95.9%) - 476,501,230 views - remhq on 2011.07.02 - http://youtu.be/xwtdhWltSIg
