[esper:*] -leguin.freenode.net- *** Looking up your hostname...
[esper:*] -leguin.freenode.net- *** Checking Ident
[esper:*] -leguin.freenode.net- *** No Ident response
[esper:*] -leguin.freenode.net- *** Found your hostname
[esper:*] -tolkien.freenode.net- *** Looking up your hostname...
[esper:*] -tolkien.freenode.net- *** Checking Ident
[esper:*] -tolkien.freenode.net- *** Found your hostname
[esper:*] -tolkien.freenode.net- *** No Ident response
[esper:*] -leguin.freenode.net- *** Looking up your hostname...
[esper:*] -leguin.freenode.net- *** Checking Ident
[esper:*] -leguin.freenode.net- *** Found your hostname
[esper:*] -leguin.freenode.net- *** No Ident response
[esper:*] -verne.freenode.net- *** Looking up your hostname...
[esper:*] -verne.freenode.net- *** Checking Ident
[esper:*] -verne.freenode.net- *** Found your hostname
[esper:*] -verne.freenode.net- *** No Ident response
[esper:*] -livingstone.freenode.net- *** Looking up your hostname...
[esper:*] -livingstone.freenode.net- *** Checking Ident
[esper:*] -livingstone.freenode.net- *** Found your hostname
[esper:*] -livingstone.freenode.net- *** No Ident response
[esper:*] -barjavel.freenode.net- *** Looking up your hostname...
[esper:*] -barjavel.freenode.net- *** Checking Ident
[esper:*] -barjavel.freenode.net- *** Found your hostname
[esper:*] -barjavel.freenode.net- *** No Ident response
[esper:*] -barjavel.freenode.net- *** Looking up your hostname...
[esper:*] -barjavel.freenode.net- *** Checking Ident
[esper:*] -barjavel.freenode.net- *** Found your hostname
[esper:*] -barjavel.freenode.net- *** No Ident response
